2023-07-23 02:07:890 INFO  HomePage :61 - Enter job Title [[ChromeDriver: chrome on windows (b0cc7d9543063bf3e3cbbf77303b7041)] -> xpath: //input[@id='keywords']]
2023-07-23 02:07:54 INFO  HomePage :66 - Enter location [[ChromeDriver: chrome on windows (b0cc7d9543063bf3e3cbbf77303b7041)] -> xpath: //input[@id='location']]
2023-07-23 02:07:189 INFO  HomePage :72 - Select distance [[ChromeDriver: chrome on windows (b0cc7d9543063bf3e3cbbf77303b7041)] -> xpath: //select[@id='distance']]
2023-07-23 02:07:440 INFO  HomePage :78 - Click on More Search Option distance [[ChromeDriver: chrome on windows (b0cc7d9543063bf3e3cbbf77303b7041)] -> xpath: //button[@id='toggle-hp-search']]
2023-07-23 02:07:592 INFO  HomePage :83 - Enter Minimum Salary [[ChromeDriver: chrome on windows (b0cc7d9543063bf3e3cbbf77303b7041)] -> xpath: //input[@id='salarymin']]
2023-07-23 02:07:779 INFO  HomePage :88 - Enter Maximum Salary [[ChromeDriver: chrome on windows (b0cc7d9543063bf3e3cbbf77303b7041)] -> xpath: //input[@id='salarymax']]
2023-07-23 02:07:948 INFO  HomePage :94 - Select Salary Type [[ChromeDriver: chrome on windows (b0cc7d9543063bf3e3cbbf77303b7041)] -> xpath: //select[@id='salarytype']]
2023-07-23 02:07:148 INFO  HomePage :99 - Select Job Type [[ChromeDriver: chrome on windows (b0cc7d9543063bf3e3cbbf77303b7041)] -> xpath: //select[@id='tempperm']]
2023-07-23 02:07:328 INFO  HomePage :105 - Click on find jobs button[[ChromeDriver: chrome on windows (b0cc7d9543063bf3e3cbbf77303b7041)] -> xpath: //input[@id='hp-search-btn']]
2023-07-23 02:07:109 INFO  HomePage :61 - Enter job Title [[ChromeDriver: chrome on windows (0699cc39b6e53d996649cedeb5572dcb)] -> xpath: //input[@id='keywords']]
2023-07-23 02:07:398 INFO  HomePage :66 - Enter location [[ChromeDriver: chrome on windows (0699cc39b6e53d996649cedeb5572dcb)] -> xpath: //input[@id='location']]
2023-07-23 02:07:518 INFO  HomePage :72 - Select distance [[ChromeDriver: chrome on windows (0699cc39b6e53d996649cedeb5572dcb)] -> xpath: //select[@id='distance']]
2023-07-23 02:07:698 INFO  HomePage :78 - Click on More Search Option distance [[ChromeDriver: chrome on windows (0699cc39b6e53d996649cedeb5572dcb)] -> xpath: //button[@id='toggle-hp-search']]
2023-07-23 02:07:824 INFO  HomePage :83 - Enter Minimum Salary [[ChromeDriver: chrome on windows (0699cc39b6e53d996649cedeb5572dcb)] -> xpath: //input[@id='salarymin']]
2023-07-23 02:07:968 INFO  HomePage :88 - Enter Maximum Salary [[ChromeDriver: chrome on windows (0699cc39b6e53d996649cedeb5572dcb)] -> xpath: //input[@id='salarymax']]
2023-07-23 02:07:100 INFO  HomePage :94 - Select Salary Type [[ChromeDriver: chrome on windows (0699cc39b6e53d996649cedeb5572dcb)] -> xpath: //select[@id='salarytype']]
2023-07-23 02:07:265 INFO  HomePage :99 - Select Job Type [[ChromeDriver: chrome on windows (0699cc39b6e53d996649cedeb5572dcb)] -> xpath: //select[@id='tempperm']]
2023-07-23 02:07:418 INFO  HomePage :105 - Click on find jobs button[[ChromeDriver: chrome on windows (0699cc39b6e53d996649cedeb5572dcb)] -> xpath: //input[@id='hp-search-btn']]
2023-07-23 02:07:446 INFO  HomePage :61 - Enter job Title [[ChromeDriver: chrome on windows (2c80651de967d6c9a3814f02ce86770f)] -> xpath: //input[@id='keywords']]
2023-07-23 02:07:601 INFO  HomePage :66 - Enter location [[ChromeDriver: chrome on windows (2c80651de967d6c9a3814f02ce86770f)] -> xpath: //input[@id='location']]
2023-07-23 02:07:764 INFO  HomePage :72 - Select distance [[ChromeDriver: chrome on windows (2c80651de967d6c9a3814f02ce86770f)] -> xpath: //select[@id='distance']]
2023-07-23 02:07:884 INFO  HomePage :78 - Click on More Search Option distance [[ChromeDriver: chrome on windows (2c80651de967d6c9a3814f02ce86770f)] -> xpath: //button[@id='toggle-hp-search']]
2023-07-23 02:07:20 INFO  HomePage :83 - Enter Minimum Salary [[ChromeDriver: chrome on windows (2c80651de967d6c9a3814f02ce86770f)] -> xpath: //input[@id='salarymin']]
2023-07-23 02:07:168 INFO  HomePage :88 - Enter Maximum Salary [[ChromeDriver: chrome on windows (2c80651de967d6c9a3814f02ce86770f)] -> xpath: //input[@id='salarymax']]
2023-07-23 02:07:258 INFO  HomePage :94 - Select Salary Type [[ChromeDriver: chrome on windows (2c80651de967d6c9a3814f02ce86770f)] -> xpath: //select[@id='salarytype']]
2023-07-23 02:07:402 INFO  HomePage :99 - Select Job Type [[ChromeDriver: chrome on windows (2c80651de967d6c9a3814f02ce86770f)] -> xpath: //select[@id='tempperm']]
2023-07-23 02:07:520 INFO  HomePage :105 - Click on find jobs button[[ChromeDriver: chrome on windows (2c80651de967d6c9a3814f02ce86770f)] -> xpath: //input[@id='hp-search-btn']]
2023-07-23 02:07:915 INFO  HomePage :61 - Enter job Title [[ChromeDriver: chrome on windows (473a4b3b6e3e4089c4335439e8632415)] -> xpath: //input[@id='keywords']]
2023-07-23 02:07:69 INFO  HomePage :66 - Enter location [[ChromeDriver: chrome on windows (473a4b3b6e3e4089c4335439e8632415)] -> xpath: //input[@id='location']]
2023-07-23 02:07:183 INFO  HomePage :72 - Select distance [[ChromeDriver: chrome on windows (473a4b3b6e3e4089c4335439e8632415)] -> xpath: //select[@id='distance']]
2023-07-23 02:07:909 INFO  HomePage :61 - Enter job Title [[ChromeDriver: chrome on windows (315cad27f1419bc0dd6186ac3a14e31f)] -> xpath: //input[@id='keywords']]
2023-07-23 02:07:90 INFO  HomePage :66 - Enter location [[ChromeDriver: chrome on windows (315cad27f1419bc0dd6186ac3a14e31f)] -> xpath: //input[@id='location']]
2023-07-23 02:07:206 INFO  HomePage :72 - Select distance [[ChromeDriver: chrome on windows (315cad27f1419bc0dd6186ac3a14e31f)] -> xpath: //select[@id='distance']]
2023-07-23 02:07:380 INFO  HomePage :78 - Click on More Search Option distance [[ChromeDriver: chrome on windows (315cad27f1419bc0dd6186ac3a14e31f)] -> xpath: //button[@id='toggle-hp-search']]
2023-07-23 02:07:493 INFO  HomePage :83 - Enter Minimum Salary [[ChromeDriver: chrome on windows (315cad27f1419bc0dd6186ac3a14e31f)] -> xpath: //input[@id='salarymin']]
2023-07-23 02:07:638 INFO  HomePage :88 - Enter Maximum Salary [[ChromeDriver: chrome on windows (315cad27f1419bc0dd6186ac3a14e31f)] -> xpath: //input[@id='salarymax']]
2023-07-23 02:07:730 INFO  HomePage :94 - Select Salary Type [[ChromeDriver: chrome on windows (315cad27f1419bc0dd6186ac3a14e31f)] -> xpath: //select[@id='salarytype']]
2023-07-23 02:07:848 INFO  HomePage :99 - Select Job Type [[ChromeDriver: chrome on windows (315cad27f1419bc0dd6186ac3a14e31f)] -> xpath: //select[@id='tempperm']]
2023-07-23 02:07:953 INFO  HomePage :105 - Click on find jobs button[[ChromeDriver: chrome on windows (315cad27f1419bc0dd6186ac3a14e31f)] -> xpath: //input[@id='hp-search-btn']]
2023-07-23 02:07:131 INFO  HomePage :61 - Enter job Title [[ChromeDriver: chrome on windows (63633d826b382907a48c84c40034b2b1)] -> xpath: //input[@id='keywords']]
2023-07-23 02:07:314 INFO  HomePage :66 - Enter location [[ChromeDriver: chrome on windows (63633d826b382907a48c84c40034b2b1)] -> xpath: //input[@id='location']]
2023-07-23 02:07:408 INFO  HomePage :72 - Select distance [[ChromeDriver: chrome on windows (63633d826b382907a48c84c40034b2b1)] -> xpath: //select[@id='distance']]
2023-07-23 02:07:568 INFO  HomePage :78 - Click on More Search Option distance [[ChromeDriver: chrome on windows (63633d826b382907a48c84c40034b2b1)] -> xpath: //button[@id='toggle-hp-search']]
2023-07-23 02:07:668 INFO  HomePage :83 - Enter Minimum Salary [[ChromeDriver: chrome on windows (63633d826b382907a48c84c40034b2b1)] -> xpath: //input[@id='salarymin']]
2023-07-23 02:07:814 INFO  HomePage :88 - Enter Maximum Salary [[ChromeDriver: chrome on windows (63633d826b382907a48c84c40034b2b1)] -> xpath: //input[@id='salarymax']]
2023-07-23 02:07:918 INFO  HomePage :94 - Select Salary Type [[ChromeDriver: chrome on windows (63633d826b382907a48c84c40034b2b1)] -> xpath: //select[@id='salarytype']]
2023-07-23 02:07:38 INFO  HomePage :99 - Select Job Type [[ChromeDriver: chrome on windows (63633d826b382907a48c84c40034b2b1)] -> xpath: //select[@id='tempperm']]
2023-07-23 02:07:158 INFO  HomePage :105 - Click on find jobs button[[ChromeDriver: chrome on windows (63633d826b382907a48c84c40034b2b1)] -> xpath: //input[@id='hp-search-btn']]
2023-07-23 02:07:478 INFO  HomePage :61 - Enter job Title [[ChromeDriver: chrome on windows (4540d05cfc7ca0fd67c15d3d960d5e8c)] -> xpath: //input[@id='keywords']]
2023-07-23 02:07:652 INFO  HomePage :66 - Enter location [[ChromeDriver: chrome on windows (4540d05cfc7ca0fd67c15d3d960d5e8c)] -> xpath: //input[@id='location']]
2023-07-23 02:07:778 INFO  HomePage :72 - Select distance [[ChromeDriver: chrome on windows (4540d05cfc7ca0fd67c15d3d960d5e8c)] -> xpath: //select[@id='distance']]
2023-07-23 02:07:977 INFO  HomePage :78 - Click on More Search Option distance [[ChromeDriver: chrome on windows (4540d05cfc7ca0fd67c15d3d960d5e8c)] -> xpath: //button[@id='toggle-hp-search']]
2023-07-23 02:07:97 INFO  HomePage :83 - Enter Minimum Salary [[ChromeDriver: chrome on windows (4540d05cfc7ca0fd67c15d3d960d5e8c)] -> xpath: //input[@id='salarymin']]
2023-07-23 02:07:239 INFO  HomePage :88 - Enter Maximum Salary [[ChromeDriver: chrome on windows (4540d05cfc7ca0fd67c15d3d960d5e8c)] -> xpath: //input[@id='salarymax']]
2023-07-23 02:07:347 INFO  HomePage :94 - Select Salary Type [[ChromeDriver: chrome on windows (4540d05cfc7ca0fd67c15d3d960d5e8c)] -> xpath: //select[@id='salarytype']]
2023-07-23 02:07:491 INFO  HomePage :99 - Select Job Type [[ChromeDriver: chrome on windows (4540d05cfc7ca0fd67c15d3d960d5e8c)] -> xpath: //select[@id='tempperm']]
2023-07-23 02:07:670 INFO  HomePage :105 - Click on find jobs button[[ChromeDriver: chrome on windows (4540d05cfc7ca0fd67c15d3d960d5e8c)] -> xpath: //input[@id='hp-search-btn']]
2023-07-23 02:07:148 INFO  HomePage :61 - Enter job Title [[ChromeDriver: chrome on windows (ac46f21d5c119c922a128cbd3a5c303c)] -> xpath: //input[@id='keywords']]
2023-07-23 02:07:335 INFO  HomePage :66 - Enter location [[ChromeDriver: chrome on windows (ac46f21d5c119c922a128cbd3a5c303c)] -> xpath: //input[@id='location']]
2023-07-23 02:07:433 INFO  HomePage :72 - Select distance [[ChromeDriver: chrome on windows (ac46f21d5c119c922a128cbd3a5c303c)] -> xpath: //select[@id='distance']]
2023-07-23 02:07:651 INFO  HomePage :78 - Click on More Search Option distance [[ChromeDriver: chrome on windows (ac46f21d5c119c922a128cbd3a5c303c)] -> xpath: //button[@id='toggle-hp-search']]
2023-07-23 02:07:772 INFO  HomePage :83 - Enter Minimum Salary [[ChromeDriver: chrome on windows (ac46f21d5c119c922a128cbd3a5c303c)] -> xpath: //input[@id='salarymin']]
2023-07-23 02:07:928 INFO  HomePage :88 - Enter Maximum Salary [[ChromeDriver: chrome on windows (ac46f21d5c119c922a128cbd3a5c303c)] -> xpath: //input[@id='salarymax']]
2023-07-23 02:07:28 INFO  HomePage :94 - Select Salary Type [[ChromeDriver: chrome on windows (ac46f21d5c119c922a128cbd3a5c303c)] -> xpath: //select[@id='salarytype']]
2023-07-23 02:07:154 INFO  HomePage :99 - Select Job Type [[ChromeDriver: chrome on windows (ac46f21d5c119c922a128cbd3a5c303c)] -> xpath: //select[@id='tempperm']]
2023-07-23 02:07:283 INFO  HomePage :105 - Click on find jobs button[[ChromeDriver: chrome on windows (ac46f21d5c119c922a128cbd3a5c303c)] -> xpath: //input[@id='hp-search-btn']]
2023-07-23 02:07:748 INFO  HomePage :61 - Enter job Title [[ChromeDriver: chrome on windows (fe71f6da19e5325827acd0c933460bf9)] -> xpath: //input[@id='keywords']]
2023-07-23 02:07:940 INFO  HomePage :66 - Enter location [[ChromeDriver: chrome on windows (fe71f6da19e5325827acd0c933460bf9)] -> xpath: //input[@id='location']]
2023-07-23 02:07:80 INFO  HomePage :72 - Select distance [[ChromeDriver: chrome on windows (fe71f6da19e5325827acd0c933460bf9)] -> xpath: //select[@id='distance']]
2023-07-23 02:07:189 INFO  HomePage :78 - Click on More Search Option distance [[ChromeDriver: chrome on windows (fe71f6da19e5325827acd0c933460bf9)] -> xpath: //button[@id='toggle-hp-search']]
2023-07-23 02:07:281 INFO  HomePage :83 - Enter Minimum Salary [[ChromeDriver: chrome on windows (fe71f6da19e5325827acd0c933460bf9)] -> xpath: //input[@id='salarymin']]
2023-07-23 02:07:448 INFO  HomePage :88 - Enter Maximum Salary [[ChromeDriver: chrome on windows (fe71f6da19e5325827acd0c933460bf9)] -> xpath: //input[@id='salarymax']]
2023-07-23 02:07:557 INFO  HomePage :94 - Select Salary Type [[ChromeDriver: chrome on windows (fe71f6da19e5325827acd0c933460bf9)] -> xpath: //select[@id='salarytype']]
2023-07-23 02:07:701 INFO  HomePage :99 - Select Job Type [[ChromeDriver: chrome on windows (fe71f6da19e5325827acd0c933460bf9)] -> xpath: //select[@id='tempperm']]
2023-07-23 02:07:818 INFO  HomePage :105 - Click on find jobs button[[ChromeDriver: chrome on windows (fe71f6da19e5325827acd0c933460bf9)] -> xpath: //input[@id='hp-search-btn']]
2023-07-23 02:07:475 INFO  HomePage :61 - Enter job Title [[ChromeDriver: chrome on windows (6f9790abb39cd7bef6a9786ee657e931)] -> xpath: //input[@id='keywords']]
2023-07-23 02:07:648 INFO  HomePage :66 - Enter location [[ChromeDriver: chrome on windows (6f9790abb39cd7bef6a9786ee657e931)] -> xpath: //input[@id='location']]
2023-07-23 02:07:760 INFO  HomePage :72 - Select distance [[ChromeDriver: chrome on windows (6f9790abb39cd7bef6a9786ee657e931)] -> xpath: //select[@id='distance']]
2023-07-23 02:07:734 INFO  HomePage :61 - Enter job Title [[ChromeDriver: chrome on windows (494fcc6f867ecdbed6f6a4b7bedd5542)] -> xpath: //input[@id='keywords']]
2023-07-23 02:07:946 INFO  HomePage :66 - Enter location [[ChromeDriver: chrome on windows (494fcc6f867ecdbed6f6a4b7bedd5542)] -> xpath: //input[@id='location']]
2023-07-23 02:07:56 INFO  HomePage :72 - Select distance [[ChromeDriver: chrome on windows (494fcc6f867ecdbed6f6a4b7bedd5542)] -> xpath: //select[@id='distance']]
2023-07-23 02:07:239 INFO  HomePage :78 - Click on More Search Option distance [[ChromeDriver: chrome on windows (494fcc6f867ecdbed6f6a4b7bedd5542)] -> xpath: //button[@id='toggle-hp-search']]
2023-07-23 02:07:345 INFO  HomePage :83 - Enter Minimum Salary [[ChromeDriver: chrome on windows (494fcc6f867ecdbed6f6a4b7bedd5542)] -> xpath: //input[@id='salarymin']]
2023-07-23 02:07:474 INFO  HomePage :88 - Enter Maximum Salary [[ChromeDriver: chrome on windows (494fcc6f867ecdbed6f6a4b7bedd5542)] -> xpath: //input[@id='salarymax']]
2023-07-23 02:07:577 INFO  HomePage :94 - Select Salary Type [[ChromeDriver: chrome on windows (494fcc6f867ecdbed6f6a4b7bedd5542)] -> xpath: //select[@id='salarytype']]
2023-07-23 02:07:728 INFO  HomePage :99 - Select Job Type [[ChromeDriver: chrome on windows (494fcc6f867ecdbed6f6a4b7bedd5542)] -> xpath: //select[@id='tempperm']]
2023-07-23 02:07:833 INFO  HomePage :105 - Click on find jobs button[[ChromeDriver: chrome on windows (494fcc6f867ecdbed6f6a4b7bedd5542)] -> xpath: //input[@id='hp-search-btn']]
2023-07-23 02:07:180 INFO  HomePage :61 - Enter job Title [[ChromeDriver: chrome on windows (76aef797cafc5720aeeb8188005d9b88)] -> xpath: //input[@id='keywords']]
2023-07-23 02:07:337 INFO  HomePage :66 - Enter location [[ChromeDriver: chrome on windows (76aef797cafc5720aeeb8188005d9b88)] -> xpath: //input[@id='location']]
2023-07-23 02:07:448 INFO  HomePage :72 - Select distance [[ChromeDriver: chrome on windows (76aef797cafc5720aeeb8188005d9b88)] -> xpath: //select[@id='distance']]
2023-07-23 02:07:598 INFO  HomePage :78 - Click on More Search Option distance [[ChromeDriver: chrome on windows (76aef797cafc5720aeeb8188005d9b88)] -> xpath: //button[@id='toggle-hp-search']]
2023-07-23 02:07:709 INFO  HomePage :83 - Enter Minimum Salary [[ChromeDriver: chrome on windows (76aef797cafc5720aeeb8188005d9b88)] -> xpath: //input[@id='salarymin']]
2023-07-23 02:07:857 INFO  HomePage :88 - Enter Maximum Salary [[ChromeDriver: chrome on windows (76aef797cafc5720aeeb8188005d9b88)] -> xpath: //input[@id='salarymax']]
2023-07-23 02:07:962 INFO  HomePage :94 - Select Salary Type [[ChromeDriver: chrome on windows (76aef797cafc5720aeeb8188005d9b88)] -> xpath: //select[@id='salarytype']]
2023-07-23 02:07:89 INFO  HomePage :99 - Select Job Type [[ChromeDriver: chrome on windows (76aef797cafc5720aeeb8188005d9b88)] -> xpath: //select[@id='tempperm']]
2023-07-23 02:07:232 INFO  HomePage :105 - Click on find jobs button[[ChromeDriver: chrome on windows (76aef797cafc5720aeeb8188005d9b88)] -> xpath: //input[@id='hp-search-btn']]
2023-07-23 02:07:769 INFO  HomePage :61 - Enter job Title [[ChromeDriver: chrome on windows (18bdad797b9557965bc9c8294b67d3b1)] -> xpath: //input[@id='keywords']]
2023-07-23 02:07:934 INFO  HomePage :66 - Enter location [[ChromeDriver: chrome on windows (18bdad797b9557965bc9c8294b67d3b1)] -> xpath: //input[@id='location']]
2023-07-23 02:07:27 INFO  HomePage :72 - Select distance [[ChromeDriver: chrome on windows (18bdad797b9557965bc9c8294b67d3b1)] -> xpath: //select[@id='distance']]
2023-07-23 02:07:221 INFO  HomePage :78 - Click on More Search Option distance [[ChromeDriver: chrome on windows (18bdad797b9557965bc9c8294b67d3b1)] -> xpath: //button[@id='toggle-hp-search']]
2023-07-23 02:07:304 INFO  HomePage :83 - Enter Minimum Salary [[ChromeDriver: chrome on windows (18bdad797b9557965bc9c8294b67d3b1)] -> xpath: //input[@id='salarymin']]
2023-07-23 02:07:481 INFO  HomePage :88 - Enter Maximum Salary [[ChromeDriver: chrome on windows (18bdad797b9557965bc9c8294b67d3b1)] -> xpath: //input[@id='salarymax']]
2023-07-23 02:07:570 INFO  HomePage :94 - Select Salary Type [[ChromeDriver: chrome on windows (18bdad797b9557965bc9c8294b67d3b1)] -> xpath: //select[@id='salarytype']]
2023-07-23 02:07:683 INFO  HomePage :99 - Select Job Type [[ChromeDriver: chrome on windows (18bdad797b9557965bc9c8294b67d3b1)] -> xpath: //select[@id='tempperm']]
2023-07-23 02:07:796 INFO  HomePage :105 - Click on find jobs button[[ChromeDriver: chrome on windows (18bdad797b9557965bc9c8294b67d3b1)] -> xpath: //input[@id='hp-search-btn']]
2023-07-23 02:07:452 INFO  HomePage :61 - Enter job Title [[ChromeDriver: chrome on windows (c636b43df7f238ce0f12e4a0a45bfae1)] -> xpath: //input[@id='keywords']]
2023-07-23 02:07:629 INFO  HomePage :66 - Enter location [[ChromeDriver: chrome on windows (c636b43df7f238ce0f12e4a0a45bfae1)] -> xpath: //input[@id='location']]
2023-07-23 02:07:725 INFO  HomePage :72 - Select distance [[ChromeDriver: chrome on windows (c636b43df7f238ce0f12e4a0a45bfae1)] -> xpath: //select[@id='distance']]
2023-07-23 02:07:903 INFO  HomePage :78 - Click on More Search Option distance [[ChromeDriver: chrome on windows (c636b43df7f238ce0f12e4a0a45bfae1)] -> xpath: //button[@id='toggle-hp-search']]
2023-07-23 02:07:995 INFO  HomePage :83 - Enter Minimum Salary [[ChromeDriver: chrome on windows (c636b43df7f238ce0f12e4a0a45bfae1)] -> xpath: //input[@id='salarymin']]
2023-07-23 02:07:143 INFO  HomePage :88 - Enter Maximum Salary [[ChromeDriver: chrome on windows (c636b43df7f238ce0f12e4a0a45bfae1)] -> xpath: //input[@id='salarymax']]
2023-07-23 02:07:248 INFO  HomePage :94 - Select Salary Type [[ChromeDriver: chrome on windows (c636b43df7f238ce0f12e4a0a45bfae1)] -> xpath: //select[@id='salarytype']]
2023-07-23 02:07:349 INFO  HomePage :99 - Select Job Type [[ChromeDriver: chrome on windows (c636b43df7f238ce0f12e4a0a45bfae1)] -> xpath: //select[@id='tempperm']]
2023-07-23 02:07:448 INFO  HomePage :105 - Click on find jobs button[[ChromeDriver: chrome on windows (c636b43df7f238ce0f12e4a0a45bfae1)] -> xpath: //input[@id='hp-search-btn']]
2023-07-23 02:07:441 INFO  HomePage :61 - Enter job Title [[ChromeDriver: chrome on windows (86bb4ad9adee41fe33122b51e1ef9f0e)] -> xpath: //input[@id='keywords']]
2023-07-23 02:07:624 INFO  HomePage :66 - Enter location [[ChromeDriver: chrome on windows (86bb4ad9adee41fe33122b51e1ef9f0e)] -> xpath: //input[@id='location']]
2023-07-23 02:07:748 INFO  HomePage :72 - Select distance [[ChromeDriver: chrome on windows (86bb4ad9adee41fe33122b51e1ef9f0e)] -> xpath: //select[@id='distance']]
2023-07-23 02:07:829 INFO  HomePage :78 - Click on More Search Option distance [[ChromeDriver: chrome on windows (86bb4ad9adee41fe33122b51e1ef9f0e)] -> xpath: //button[@id='toggle-hp-search']]
2023-07-23 02:07:926 INFO  HomePage :83 - Enter Minimum Salary [[ChromeDriver: chrome on windows (86bb4ad9adee41fe33122b51e1ef9f0e)] -> xpath: //input[@id='salarymin']]
2023-07-23 02:07:117 INFO  HomePage :88 - Enter Maximum Salary [[ChromeDriver: chrome on windows (86bb4ad9adee41fe33122b51e1ef9f0e)] -> xpath: //input[@id='salarymax']]
2023-07-23 02:07:195 INFO  HomePage :94 - Select Salary Type [[ChromeDriver: chrome on windows (86bb4ad9adee41fe33122b51e1ef9f0e)] -> xpath: //select[@id='salarytype']]
2023-07-23 02:07:309 INFO  HomePage :99 - Select Job Type [[ChromeDriver: chrome on windows (86bb4ad9adee41fe33122b51e1ef9f0e)] -> xpath: //select[@id='tempperm']]
2023-07-23 02:07:397 INFO  HomePage :105 - Click on find jobs button[[ChromeDriver: chrome on windows (86bb4ad9adee41fe33122b51e1ef9f0e)] -> xpath: //input[@id='hp-search-btn']]
2023-07-23 02:07:762 INFO  HomePage :61 - Enter job Title [[ChromeDriver: chrome on windows (e2056a67c876d6bb3ee65936cb6197e3)] -> xpath: //input[@id='keywords']]
2023-07-23 02:07:937 INFO  HomePage :66 - Enter location [[ChromeDriver: chrome on windows (e2056a67c876d6bb3ee65936cb6197e3)] -> xpath: //input[@id='location']]
2023-07-23 02:07:47 INFO  HomePage :72 - Select distance [[ChromeDriver: chrome on windows (e2056a67c876d6bb3ee65936cb6197e3)] -> xpath: //select[@id='distance']]
2023-07-23 02:07:590 INFO  HomePage :61 - Enter job Title [[ChromeDriver: chrome on windows (f8e9cda90523bf5202913e84d2473689)] -> xpath: //input[@id='keywords']]
2023-07-23 02:07:787 INFO  HomePage :66 - Enter location [[ChromeDriver: chrome on windows (f8e9cda90523bf5202913e84d2473689)] -> xpath: //input[@id='location']]
2023-07-23 02:07:910 INFO  HomePage :72 - Select distance [[ChromeDriver: chrome on windows (f8e9cda90523bf5202913e84d2473689)] -> xpath: //select[@id='distance']]
2023-07-23 02:07:73 INFO  HomePage :78 - Click on More Search Option distance [[ChromeDriver: chrome on windows (f8e9cda90523bf5202913e84d2473689)] -> xpath: //button[@id='toggle-hp-search']]
2023-07-23 02:07:170 INFO  HomePage :83 - Enter Minimum Salary [[ChromeDriver: chrome on windows (f8e9cda90523bf5202913e84d2473689)] -> xpath: //input[@id='salarymin']]
2023-07-23 02:07:335 INFO  HomePage :88 - Enter Maximum Salary [[ChromeDriver: chrome on windows (f8e9cda90523bf5202913e84d2473689)] -> xpath: //input[@id='salarymax']]
2023-07-23 02:07:427 INFO  HomePage :94 - Select Salary Type [[ChromeDriver: chrome on windows (f8e9cda90523bf5202913e84d2473689)] -> xpath: //select[@id='salarytype']]
2023-07-23 02:07:540 INFO  HomePage :99 - Select Job Type [[ChromeDriver: chrome on windows (f8e9cda90523bf5202913e84d2473689)] -> xpath: //select[@id='tempperm']]
2023-07-23 02:07:667 INFO  HomePage :105 - Click on find jobs button[[ChromeDriver: chrome on windows (f8e9cda90523bf5202913e84d2473689)] -> xpath: //input[@id='hp-search-btn']]
2023-07-23 02:07:467 INFO  HomePage :61 - Enter job Title [[ChromeDriver: chrome on windows (d55bed7275a6d7976c9a58ae4a06bbb9)] -> xpath: //input[@id='keywords']]
2023-07-23 02:07:598 INFO  HomePage :66 - Enter location [[ChromeDriver: chrome on windows (d55bed7275a6d7976c9a58ae4a06bbb9)] -> xpath: //input[@id='location']]
2023-07-23 02:07:752 INFO  HomePage :72 - Select distance [[ChromeDriver: chrome on windows (d55bed7275a6d7976c9a58ae4a06bbb9)] -> xpath: //select[@id='distance']]
2023-07-23 02:07:901 INFO  HomePage :78 - Click on More Search Option distance [[ChromeDriver: chrome on windows (d55bed7275a6d7976c9a58ae4a06bbb9)] -> xpath: //button[@id='toggle-hp-search']]
2023-07-23 02:07:54 INFO  HomePage :83 - Enter Minimum Salary [[ChromeDriver: chrome on windows (d55bed7275a6d7976c9a58ae4a06bbb9)] -> xpath: //input[@id='salarymin']]
2023-07-23 02:07:187 INFO  HomePage :88 - Enter Maximum Salary [[ChromeDriver: chrome on windows (d55bed7275a6d7976c9a58ae4a06bbb9)] -> xpath: //input[@id='salarymax']]
2023-07-23 02:07:337 INFO  HomePage :94 - Select Salary Type [[ChromeDriver: chrome on windows (d55bed7275a6d7976c9a58ae4a06bbb9)] -> xpath: //select[@id='salarytype']]
2023-07-23 02:07:502 INFO  HomePage :99 - Select Job Type [[ChromeDriver: chrome on windows (d55bed7275a6d7976c9a58ae4a06bbb9)] -> xpath: //select[@id='tempperm']]
2023-07-23 02:07:631 INFO  HomePage :105 - Click on find jobs button[[ChromeDriver: chrome on windows (d55bed7275a6d7976c9a58ae4a06bbb9)] -> xpath: //input[@id='hp-search-btn']]
2023-07-23 02:07:198 INFO  HomePage :61 - Enter job Title [[ChromeDriver: chrome on windows (eb3ddf1c27c4b7572c96ec6fde058b4f)] -> xpath: //input[@id='keywords']]
2023-07-23 02:07:387 INFO  HomePage :66 - Enter location [[ChromeDriver: chrome on windows (eb3ddf1c27c4b7572c96ec6fde058b4f)] -> xpath: //input[@id='location']]
2023-07-23 02:07:475 INFO  HomePage :72 - Select distance [[ChromeDriver: chrome on windows (eb3ddf1c27c4b7572c96ec6fde058b4f)] -> xpath: //select[@id='distance']]
2023-07-23 02:07:650 INFO  HomePage :78 - Click on More Search Option distance [[ChromeDriver: chrome on windows (eb3ddf1c27c4b7572c96ec6fde058b4f)] -> xpath: //button[@id='toggle-hp-search']]
2023-07-23 02:07:740 INFO  HomePage :83 - Enter Minimum Salary [[ChromeDriver: chrome on windows (eb3ddf1c27c4b7572c96ec6fde058b4f)] -> xpath: //input[@id='salarymin']]
2023-07-23 02:07:906 INFO  HomePage :88 - Enter Maximum Salary [[ChromeDriver: chrome on windows (eb3ddf1c27c4b7572c96ec6fde058b4f)] -> xpath: //input[@id='salarymax']]
2023-07-23 02:07:22 INFO  HomePage :94 - Select Salary Type [[ChromeDriver: chrome on windows (eb3ddf1c27c4b7572c96ec6fde058b4f)] -> xpath: //select[@id='salarytype']]
2023-07-23 02:07:182 INFO  HomePage :99 - Select Job Type [[ChromeDriver: chrome on windows (eb3ddf1c27c4b7572c96ec6fde058b4f)] -> xpath: //select[@id='tempperm']]
2023-07-23 02:07:309 INFO  HomePage :105 - Click on find jobs button[[ChromeDriver: chrome on windows (eb3ddf1c27c4b7572c96ec6fde058b4f)] -> xpath: //input[@id='hp-search-btn']]
2023-07-23 02:07:413 INFO  HomePage :61 - Enter job Title [[ChromeDriver: chrome on windows (9d0d115bc3b593270acd7f92e5cd08f4)] -> xpath: //input[@id='keywords']]
2023-07-23 02:07:608 INFO  HomePage :66 - Enter location [[ChromeDriver: chrome on windows (9d0d115bc3b593270acd7f92e5cd08f4)] -> xpath: //input[@id='location']]
2023-07-23 02:07:707 INFO  HomePage :72 - Select distance [[ChromeDriver: chrome on windows (9d0d115bc3b593270acd7f92e5cd08f4)] -> xpath: //select[@id='distance']]
2023-07-23 02:07:886 INFO  HomePage :78 - Click on More Search Option distance [[ChromeDriver: chrome on windows (9d0d115bc3b593270acd7f92e5cd08f4)] -> xpath: //button[@id='toggle-hp-search']]
2023-07-23 02:07:981 INFO  HomePage :83 - Enter Minimum Salary [[ChromeDriver: chrome on windows (9d0d115bc3b593270acd7f92e5cd08f4)] -> xpath: //input[@id='salarymin']]
2023-07-23 02:07:148 INFO  HomePage :88 - Enter Maximum Salary [[ChromeDriver: chrome on windows (9d0d115bc3b593270acd7f92e5cd08f4)] -> xpath: //input[@id='salarymax']]
2023-07-23 02:07:240 INFO  HomePage :94 - Select Salary Type [[ChromeDriver: chrome on windows (9d0d115bc3b593270acd7f92e5cd08f4)] -> xpath: //select[@id='salarytype']]
2023-07-23 02:07:417 INFO  HomePage :99 - Select Job Type [[ChromeDriver: chrome on windows (9d0d115bc3b593270acd7f92e5cd08f4)] -> xpath: //select[@id='tempperm']]
2023-07-23 02:07:566 INFO  HomePage :105 - Click on find jobs button[[ChromeDriver: chrome on windows (9d0d115bc3b593270acd7f92e5cd08f4)] -> xpath: //input[@id='hp-search-btn']]
2023-07-23 02:07:148 INFO  HomePage :61 - Enter job Title [[ChromeDriver: chrome on windows (e6d70405b87afd261523504eb6454630)] -> xpath: //input[@id='keywords']]
2023-07-23 02:07:367 INFO  HomePage :66 - Enter location [[ChromeDriver: chrome on windows (e6d70405b87afd261523504eb6454630)] -> xpath: //input[@id='location']]
2023-07-23 02:07:516 INFO  HomePage :72 - Select distance [[ChromeDriver: chrome on windows (e6d70405b87afd261523504eb6454630)] -> xpath: //select[@id='distance']]
2023-07-23 02:07:637 INFO  HomePage :78 - Click on More Search Option distance [[ChromeDriver: chrome on windows (e6d70405b87afd261523504eb6454630)] -> xpath: //button[@id='toggle-hp-search']]
2023-07-23 02:07:751 INFO  HomePage :83 - Enter Minimum Salary [[ChromeDriver: chrome on windows (e6d70405b87afd261523504eb6454630)] -> xpath: //input[@id='salarymin']]
2023-07-23 02:07:900 INFO  HomePage :88 - Enter Maximum Salary [[ChromeDriver: chrome on windows (e6d70405b87afd261523504eb6454630)] -> xpath: //input[@id='salarymax']]
2023-07-23 02:07:986 INFO  HomePage :94 - Select Salary Type [[ChromeDriver: chrome on windows (e6d70405b87afd261523504eb6454630)] -> xpath: //select[@id='salarytype']]
2023-07-23 02:07:133 INFO  HomePage :99 - Select Job Type [[ChromeDriver: chrome on windows (e6d70405b87afd261523504eb6454630)] -> xpath: //select[@id='tempperm']]
2023-07-23 02:07:245 INFO  HomePage :105 - Click on find jobs button[[ChromeDriver: chrome on windows (e6d70405b87afd261523504eb6454630)] -> xpath: //input[@id='hp-search-btn']]
2023-07-23 02:07:198 INFO  HomePage :61 - Enter job Title [[ChromeDriver: chrome on windows (e4d134612ae0fc223387f3a28806dbc9)] -> xpath: //input[@id='keywords']]
2023-07-23 02:07:362 INFO  HomePage :66 - Enter location [[ChromeDriver: chrome on windows (e4d134612ae0fc223387f3a28806dbc9)] -> xpath: //input[@id='location']]
2023-07-23 02:07:482 INFO  HomePage :72 - Select distance [[ChromeDriver: chrome on windows (e4d134612ae0fc223387f3a28806dbc9)] -> xpath: //select[@id='distance']]
2023-07-23 02:07:609 INFO  HomePage :78 - Click on More Search Option distance [[ChromeDriver: chrome on windows (e4d134612ae0fc223387f3a28806dbc9)] -> xpath: //button[@id='toggle-hp-search']]
2023-07-23 02:07:693 INFO  HomePage :83 - Enter Minimum Salary [[ChromeDriver: chrome on windows (e4d134612ae0fc223387f3a28806dbc9)] -> xpath: //input[@id='salarymin']]
2023-07-23 02:07:878 INFO  HomePage :88 - Enter Maximum Salary [[ChromeDriver: chrome on windows (e4d134612ae0fc223387f3a28806dbc9)] -> xpath: //input[@id='salarymax']]
2023-07-23 02:07:990 INFO  HomePage :94 - Select Salary Type [[ChromeDriver: chrome on windows (e4d134612ae0fc223387f3a28806dbc9)] -> xpath: //select[@id='salarytype']]
2023-07-23 02:07:78 INFO  HomePage :99 - Select Job Type [[ChromeDriver: chrome on windows (e4d134612ae0fc223387f3a28806dbc9)] -> xpath: //select[@id='tempperm']]
2023-07-23 02:07:190 INFO  HomePage :105 - Click on find jobs button[[ChromeDriver: chrome on windows (e4d134612ae0fc223387f3a28806dbc9)] -> xpath: //input[@id='hp-search-btn']]
2023-07-23 02:07:913 INFO  HomePage :61 - Enter job Title [[ChromeDriver: chrome on windows (414f53073a96d4f07aa4f2adc126a2c1)] -> xpath: //input[@id='keywords']]
2023-07-23 02:07:124 INFO  HomePage :66 - Enter location [[ChromeDriver: chrome on windows (414f53073a96d4f07aa4f2adc126a2c1)] -> xpath: //input[@id='location']]
2023-07-23 02:07:241 INFO  HomePage :72 - Select distance [[ChromeDriver: chrome on windows (414f53073a96d4f07aa4f2adc126a2c1)] -> xpath: //select[@id='distance']]
2023-07-23 02:07:391 INFO  HomePage :78 - Click on More Search Option distance [[ChromeDriver: chrome on windows (414f53073a96d4f07aa4f2adc126a2c1)] -> xpath: //button[@id='toggle-hp-search']]
2023-07-23 02:07:460 INFO  HomePage :83 - Enter Minimum Salary [[ChromeDriver: chrome on windows (414f53073a96d4f07aa4f2adc126a2c1)] -> xpath: //input[@id='salarymin']]
2023-07-23 02:07:613 INFO  HomePage :88 - Enter Maximum Salary [[ChromeDriver: chrome on windows (414f53073a96d4f07aa4f2adc126a2c1)] -> xpath: //input[@id='salarymax']]
2023-07-23 02:07:723 INFO  HomePage :94 - Select Salary Type [[ChromeDriver: chrome on windows (414f53073a96d4f07aa4f2adc126a2c1)] -> xpath: //select[@id='salarytype']]
2023-07-23 02:07:839 INFO  HomePage :99 - Select Job Type [[ChromeDriver: chrome on windows (414f53073a96d4f07aa4f2adc126a2c1)] -> xpath: //select[@id='tempperm']]
2023-07-23 02:07:926 INFO  HomePage :105 - Click on find jobs button[[ChromeDriver: chrome on windows (414f53073a96d4f07aa4f2adc126a2c1)] -> xpath: //input[@id='hp-search-btn']]
2023-07-23 02:07:43 INFO  HomePage :61 - Enter job Title [[ChromeDriver: chrome on windows (e9b81dec88edcf51a5cc5f6e51852c5b)] -> xpath: //input[@id='keywords']]
2023-07-23 02:07:173 INFO  HomePage :66 - Enter location [[ChromeDriver: chrome on windows (e9b81dec88edcf51a5cc5f6e51852c5b)] -> xpath: //input[@id='location']]
2023-07-23 02:07:305 INFO  HomePage :72 - Select distance [[ChromeDriver: chrome on windows (e9b81dec88edcf51a5cc5f6e51852c5b)] -> xpath: //select[@id='distance']]
2023-07-23 02:07:425 INFO  HomePage :78 - Click on More Search Option distance [[ChromeDriver: chrome on windows (e9b81dec88edcf51a5cc5f6e51852c5b)] -> xpath: //button[@id='toggle-hp-search']]
2023-07-23 02:07:559 INFO  HomePage :83 - Enter Minimum Salary [[ChromeDriver: chrome on windows (e9b81dec88edcf51a5cc5f6e51852c5b)] -> xpath: //input[@id='salarymin']]
2023-07-23 02:07:691 INFO  HomePage :88 - Enter Maximum Salary [[ChromeDriver: chrome on windows (e9b81dec88edcf51a5cc5f6e51852c5b)] -> xpath: //input[@id='salarymax']]
2023-07-23 02:07:794 INFO  HomePage :94 - Select Salary Type [[ChromeDriver: chrome on windows (e9b81dec88edcf51a5cc5f6e51852c5b)] -> xpath: //select[@id='salarytype']]
2023-07-23 02:07:883 INFO  HomePage :99 - Select Job Type [[ChromeDriver: chrome on windows (e9b81dec88edcf51a5cc5f6e51852c5b)] -> xpath: //select[@id='tempperm']]
2023-07-23 02:07:964 INFO  HomePage :105 - Click on find jobs button[[ChromeDriver: chrome on windows (e9b81dec88edcf51a5cc5f6e51852c5b)] -> xpath: //input[@id='hp-search-btn']]
2023-07-23 21:07:401 INFO  HomePage :61 - Enter job Title [[ChromeDriver: chrome on windows (e7bf342c4d05be520cfedfdd9f09a1d0)] -> xpath: //input[@id='keywords']]
2023-07-23 21:07:499 INFO  HomePage :66 - Enter location [[ChromeDriver: chrome on windows (e7bf342c4d05be520cfedfdd9f09a1d0)] -> xpath: //input[@id='location']]
2023-07-23 21:07:554 INFO  HomePage :72 - Select distance [[ChromeDriver: chrome on windows (e7bf342c4d05be520cfedfdd9f09a1d0)] -> xpath: //select[@id='distance']]
2023-07-23 21:07:654 INFO  HomePage :78 - Click on More Search Option distance [[ChromeDriver: chrome on windows (e7bf342c4d05be520cfedfdd9f09a1d0)] -> xpath: //button[@id='toggle-hp-search']]
2023-07-23 21:07:722 INFO  HomePage :83 - Enter Minimum Salary [[ChromeDriver: chrome on windows (e7bf342c4d05be520cfedfdd9f09a1d0)] -> xpath: //input[@id='salarymin']]
2023-07-23 21:07:792 INFO  HomePage :88 - Enter Maximum Salary [[ChromeDriver: chrome on windows (e7bf342c4d05be520cfedfdd9f09a1d0)] -> xpath: //input[@id='salarymax']]
2023-07-23 21:07:873 INFO  HomePage :94 - Select Salary Type [[ChromeDriver: chrome on windows (e7bf342c4d05be520cfedfdd9f09a1d0)] -> xpath: //select[@id='salarytype']]
2023-07-23 21:07:957 INFO  HomePage :99 - Select Job Type [[ChromeDriver: chrome on windows (e7bf342c4d05be520cfedfdd9f09a1d0)] -> xpath: //select[@id='tempperm']]
2023-07-23 21:07:17 INFO  HomePage :105 - Click on find jobs button[[ChromeDriver: chrome on windows (e7bf342c4d05be520cfedfdd9f09a1d0)] -> xpath: //input[@id='hp-search-btn']]
2023-07-23 21:07:829 INFO  HomePage :61 - Enter job Title [[ChromeDriver: chrome on windows (6972b0267794f4bb8772ae7d2f911aed)] -> xpath: //input[@id='keywords']]
2023-07-23 21:07:914 INFO  HomePage :66 - Enter location [[ChromeDriver: chrome on windows (6972b0267794f4bb8772ae7d2f911aed)] -> xpath: //input[@id='location']]
2023-07-23 21:07:982 INFO  HomePage :72 - Select distance [[ChromeDriver: chrome on windows (6972b0267794f4bb8772ae7d2f911aed)] -> xpath: //select[@id='distance']]
2023-07-23 21:07:68 INFO  HomePage :78 - Click on More Search Option distance [[ChromeDriver: chrome on windows (6972b0267794f4bb8772ae7d2f911aed)] -> xpath: //button[@id='toggle-hp-search']]
2023-07-23 21:07:137 INFO  HomePage :83 - Enter Minimum Salary [[ChromeDriver: chrome on windows (6972b0267794f4bb8772ae7d2f911aed)] -> xpath: //input[@id='salarymin']]
2023-07-23 21:07:197 INFO  HomePage :88 - Enter Maximum Salary [[ChromeDriver: chrome on windows (6972b0267794f4bb8772ae7d2f911aed)] -> xpath: //input[@id='salarymax']]
2023-07-23 21:07:261 INFO  HomePage :94 - Select Salary Type [[ChromeDriver: chrome on windows (6972b0267794f4bb8772ae7d2f911aed)] -> xpath: //select[@id='salarytype']]
2023-07-23 21:07:353 INFO  HomePage :99 - Select Job Type [[ChromeDriver: chrome on windows (6972b0267794f4bb8772ae7d2f911aed)] -> xpath: //select[@id='tempperm']]
2023-07-23 21:07:415 INFO  HomePage :105 - Click on find jobs button[[ChromeDriver: chrome on windows (6972b0267794f4bb8772ae7d2f911aed)] -> xpath: //input[@id='hp-search-btn']]
2023-07-23 21:07:629 INFO  HomePage :61 - Enter job Title [[ChromeDriver: chrome on windows (5eceb56a46a50e576554ef5b1d079da6)] -> xpath: //input[@id='keywords']]
2023-07-23 21:07:702 INFO  HomePage :66 - Enter location [[ChromeDriver: chrome on windows (5eceb56a46a50e576554ef5b1d079da6)] -> xpath: //input[@id='location']]
2023-07-23 21:07:777 INFO  HomePage :72 - Select distance [[ChromeDriver: chrome on windows (5eceb56a46a50e576554ef5b1d079da6)] -> xpath: //select[@id='distance']]
2023-07-23 21:07:859 INFO  HomePage :78 - Click on More Search Option distance [[ChromeDriver: chrome on windows (5eceb56a46a50e576554ef5b1d079da6)] -> xpath: //button[@id='toggle-hp-search']]
2023-07-23 21:07:918 INFO  HomePage :83 - Enter Minimum Salary [[ChromeDriver: chrome on windows (5eceb56a46a50e576554ef5b1d079da6)] -> xpath: //input[@id='salarymin']]
2023-07-23 21:07:994 INFO  HomePage :88 - Enter Maximum Salary [[ChromeDriver: chrome on windows (5eceb56a46a50e576554ef5b1d079da6)] -> xpath: //input[@id='salarymax']]
2023-07-23 21:07:51 INFO  HomePage :94 - Select Salary Type [[ChromeDriver: chrome on windows (5eceb56a46a50e576554ef5b1d079da6)] -> xpath: //select[@id='salarytype']]
2023-07-23 21:07:139 INFO  HomePage :99 - Select Job Type [[ChromeDriver: chrome on windows (5eceb56a46a50e576554ef5b1d079da6)] -> xpath: //select[@id='tempperm']]
2023-07-23 21:07:195 INFO  HomePage :105 - Click on find jobs button[[ChromeDriver: chrome on windows (5eceb56a46a50e576554ef5b1d079da6)] -> xpath: //input[@id='hp-search-btn']]
2023-07-23 21:07:916 INFO  HomePage :61 - Enter job Title [[ChromeDriver: chrome on windows (67bd754d60a17a91fc6e5b5a5e2600ae)] -> xpath: //input[@id='keywords']]
2023-07-23 21:07:996 INFO  HomePage :66 - Enter location [[ChromeDriver: chrome on windows (67bd754d60a17a91fc6e5b5a5e2600ae)] -> xpath: //input[@id='location']]
2023-07-23 21:07:67 INFO  HomePage :72 - Select distance [[ChromeDriver: chrome on windows (67bd754d60a17a91fc6e5b5a5e2600ae)] -> xpath: //select[@id='distance']]
2023-07-23 21:07:149 INFO  HomePage :78 - Click on More Search Option distance [[ChromeDriver: chrome on windows (67bd754d60a17a91fc6e5b5a5e2600ae)] -> xpath: //button[@id='toggle-hp-search']]
2023-07-23 21:07:208 INFO  HomePage :83 - Enter Minimum Salary [[ChromeDriver: chrome on windows (67bd754d60a17a91fc6e5b5a5e2600ae)] -> xpath: //input[@id='salarymin']]
2023-07-23 21:07:266 INFO  HomePage :88 - Enter Maximum Salary [[ChromeDriver: chrome on windows (67bd754d60a17a91fc6e5b5a5e2600ae)] -> xpath: //input[@id='salarymax']]
2023-07-23 21:07:325 INFO  HomePage :94 - Select Salary Type [[ChromeDriver: chrome on windows (67bd754d60a17a91fc6e5b5a5e2600ae)] -> xpath: //select[@id='salarytype']]
2023-07-23 21:07:404 INFO  HomePage :99 - Select Job Type [[ChromeDriver: chrome on windows (67bd754d60a17a91fc6e5b5a5e2600ae)] -> xpath: //select[@id='tempperm']]
2023-07-23 21:07:458 INFO  HomePage :105 - Click on find jobs button[[ChromeDriver: chrome on windows (67bd754d60a17a91fc6e5b5a5e2600ae)] -> xpath: //input[@id='hp-search-btn']]
2023-07-23 21:07:298 INFO  HomePage :61 - Enter job Title [[ChromeDriver: chrome on windows (0d253bbd050ee5a0d58e1c7b3448b6c6)] -> xpath: //input[@id='keywords']]
2023-07-23 21:07:368 INFO  HomePage :66 - Enter location [[ChromeDriver: chrome on windows (0d253bbd050ee5a0d58e1c7b3448b6c6)] -> xpath: //input[@id='location']]
2023-07-23 21:07:439 INFO  HomePage :72 - Select distance [[ChromeDriver: chrome on windows (0d253bbd050ee5a0d58e1c7b3448b6c6)] -> xpath: //select[@id='distance']]
2023-07-23 21:07:513 INFO  HomePage :78 - Click on More Search Option distance [[ChromeDriver: chrome on windows (0d253bbd050ee5a0d58e1c7b3448b6c6)] -> xpath: //button[@id='toggle-hp-search']]
2023-07-23 21:07:560 INFO  HomePage :83 - Enter Minimum Salary [[ChromeDriver: chrome on windows (0d253bbd050ee5a0d58e1c7b3448b6c6)] -> xpath: //input[@id='salarymin']]
2023-07-23 21:07:642 INFO  HomePage :88 - Enter Maximum Salary [[ChromeDriver: chrome on windows (0d253bbd050ee5a0d58e1c7b3448b6c6)] -> xpath: //input[@id='salarymax']]
2023-07-23 21:07:705 INFO  HomePage :94 - Select Salary Type [[ChromeDriver: chrome on windows (0d253bbd050ee5a0d58e1c7b3448b6c6)] -> xpath: //select[@id='salarytype']]
2023-07-23 21:07:776 INFO  HomePage :99 - Select Job Type [[ChromeDriver: chrome on windows (0d253bbd050ee5a0d58e1c7b3448b6c6)] -> xpath: //select[@id='tempperm']]
2023-07-23 21:07:830 INFO  HomePage :105 - Click on find jobs button[[ChromeDriver: chrome on windows (0d253bbd050ee5a0d58e1c7b3448b6c6)] -> xpath: //input[@id='hp-search-btn']]
2023-07-23 21:07:04 INFO  HomePage :61 - Enter job Title [[ChromeDriver: chrome on windows (b216fe18c17a05c1e1d0cee4736fa5fe)] -> xpath: //input[@id='keywords']]
2023-07-23 21:07:89 INFO  HomePage :66 - Enter location [[ChromeDriver: chrome on windows (b216fe18c17a05c1e1d0cee4736fa5fe)] -> xpath: //input[@id='location']]
2023-07-23 21:07:148 INFO  HomePage :72 - Select distance [[ChromeDriver: chrome on windows (b216fe18c17a05c1e1d0cee4736fa5fe)] -> xpath: //select[@id='distance']]
2023-07-23 21:07:236 INFO  HomePage :78 - Click on More Search Option distance [[ChromeDriver: chrome on windows (b216fe18c17a05c1e1d0cee4736fa5fe)] -> xpath: //button[@id='toggle-hp-search']]
2023-07-23 21:07:302 INFO  HomePage :83 - Enter Minimum Salary [[ChromeDriver: chrome on windows (b216fe18c17a05c1e1d0cee4736fa5fe)] -> xpath: //input[@id='salarymin']]
2023-07-23 21:07:381 INFO  HomePage :88 - Enter Maximum Salary [[ChromeDriver: chrome on windows (b216fe18c17a05c1e1d0cee4736fa5fe)] -> xpath: //input[@id='salarymax']]
2023-07-23 21:07:453 INFO  HomePage :94 - Select Salary Type [[ChromeDriver: chrome on windows (b216fe18c17a05c1e1d0cee4736fa5fe)] -> xpath: //select[@id='salarytype']]
2023-07-23 21:07:534 INFO  HomePage :99 - Select Job Type [[ChromeDriver: chrome on windows (b216fe18c17a05c1e1d0cee4736fa5fe)] -> xpath: //select[@id='tempperm']]
2023-07-23 21:07:592 INFO  HomePage :105 - Click on find jobs button[[ChromeDriver: chrome on windows (b216fe18c17a05c1e1d0cee4736fa5fe)] -> xpath: //input[@id='hp-search-btn']]
2023-07-23 22:07:176 INFO  HomePage :61 - Enter job Title [[ChromeDriver: chrome on windows (40d47879b377582c0004d4ebf59fd8a4)] -> xpath: //input[@id='keywords']]
2023-07-23 22:07:244 INFO  HomePage :66 - Enter location [[ChromeDriver: chrome on windows (40d47879b377582c0004d4ebf59fd8a4)] -> xpath: //input[@id='location']]
2023-07-23 22:07:320 INFO  HomePage :72 - Select distance [[ChromeDriver: chrome on windows (40d47879b377582c0004d4ebf59fd8a4)] -> xpath: //select[@id='distance']]
2023-07-23 22:07:414 INFO  HomePage :78 - Click on More Search Option distance [[ChromeDriver: chrome on windows (40d47879b377582c0004d4ebf59fd8a4)] -> xpath: //button[@id='toggle-hp-search']]
2023-07-23 22:07:474 INFO  HomePage :83 - Enter Minimum Salary [[ChromeDriver: chrome on windows (40d47879b377582c0004d4ebf59fd8a4)] -> xpath: //input[@id='salarymin']]
2023-07-23 22:07:536 INFO  HomePage :88 - Enter Maximum Salary [[ChromeDriver: chrome on windows (40d47879b377582c0004d4ebf59fd8a4)] -> xpath: //input[@id='salarymax']]
2023-07-23 22:07:605 INFO  HomePage :94 - Select Salary Type [[ChromeDriver: chrome on windows (40d47879b377582c0004d4ebf59fd8a4)] -> xpath: //select[@id='salarytype']]
2023-07-23 22:07:699 INFO  HomePage :99 - Select Job Type [[ChromeDriver: chrome on windows (40d47879b377582c0004d4ebf59fd8a4)] -> xpath: //select[@id='tempperm']]
2023-07-23 22:07:759 INFO  HomePage :105 - Click on find jobs button[[ChromeDriver: chrome on windows (40d47879b377582c0004d4ebf59fd8a4)] -> xpath: //input[@id='hp-search-btn']]
2023-07-23 22:07:316 INFO  HomePage :61 - Enter job Title [[ChromeDriver: chrome on windows (8fbf24c996456a64227314c122d05d53)] -> xpath: //input[@id='keywords']]
2023-07-23 22:07:389 INFO  HomePage :66 - Enter location [[ChromeDriver: chrome on windows (8fbf24c996456a64227314c122d05d53)] -> xpath: //input[@id='location']]
2023-07-23 22:07:459 INFO  HomePage :72 - Select distance [[ChromeDriver: chrome on windows (8fbf24c996456a64227314c122d05d53)] -> xpath: //select[@id='distance']]
2023-07-23 22:07:543 INFO  HomePage :78 - Click on More Search Option distance [[ChromeDriver: chrome on windows (8fbf24c996456a64227314c122d05d53)] -> xpath: //button[@id='toggle-hp-search']]
2023-07-23 22:07:620 INFO  HomePage :83 - Enter Minimum Salary [[ChromeDriver: chrome on windows (8fbf24c996456a64227314c122d05d53)] -> xpath: //input[@id='salarymin']]
2023-07-23 22:07:686 INFO  HomePage :88 - Enter Maximum Salary [[ChromeDriver: chrome on windows (8fbf24c996456a64227314c122d05d53)] -> xpath: //input[@id='salarymax']]
2023-07-23 22:07:756 INFO  HomePage :94 - Select Salary Type [[ChromeDriver: chrome on windows (8fbf24c996456a64227314c122d05d53)] -> xpath: //select[@id='salarytype']]
2023-07-23 22:07:836 INFO  HomePage :99 - Select Job Type [[ChromeDriver: chrome on windows (8fbf24c996456a64227314c122d05d53)] -> xpath: //select[@id='tempperm']]
2023-07-23 22:07:891 INFO  HomePage :105 - Click on find jobs button[[ChromeDriver: chrome on windows (8fbf24c996456a64227314c122d05d53)] -> xpath: //input[@id='hp-search-btn']]
2023-07-23 22:07:29 INFO  HomePage :61 - Enter job Title [[ChromeDriver: chrome on windows (a134dfab343cbffa2b48e215eb08952a)] -> xpath: //input[@id='keywords']]
2023-07-23 22:07:118 INFO  HomePage :66 - Enter location [[ChromeDriver: chrome on windows (a134dfab343cbffa2b48e215eb08952a)] -> xpath: //input[@id='location']]
2023-07-23 22:07:210 INFO  HomePage :72 - Select distance [[ChromeDriver: chrome on windows (a134dfab343cbffa2b48e215eb08952a)] -> xpath: //select[@id='distance']]
2023-07-23 22:07:264 INFO  HomePage :78 - Click on More Search Option distance [[ChromeDriver: chrome on windows (a134dfab343cbffa2b48e215eb08952a)] -> xpath: //button[@id='toggle-hp-search']]
2023-07-23 22:07:334 INFO  HomePage :83 - Enter Minimum Salary [[ChromeDriver: chrome on windows (a134dfab343cbffa2b48e215eb08952a)] -> xpath: //input[@id='salarymin']]
2023-07-23 22:07:394 INFO  HomePage :88 - Enter Maximum Salary [[ChromeDriver: chrome on windows (a134dfab343cbffa2b48e215eb08952a)] -> xpath: //input[@id='salarymax']]
2023-07-23 22:07:451 INFO  HomePage :94 - Select Salary Type [[ChromeDriver: chrome on windows (a134dfab343cbffa2b48e215eb08952a)] -> xpath: //select[@id='salarytype']]
2023-07-23 22:07:548 INFO  HomePage :99 - Select Job Type [[ChromeDriver: chrome on windows (a134dfab343cbffa2b48e215eb08952a)] -> xpath: //select[@id='tempperm']]
2023-07-23 22:07:610 INFO  HomePage :105 - Click on find jobs button[[ChromeDriver: chrome on windows (a134dfab343cbffa2b48e215eb08952a)] -> xpath: //input[@id='hp-search-btn']]
2023-07-23 22:07:534 INFO  HomePage :61 - Enter job Title [[ChromeDriver: chrome on windows (f16154c514dbedeed2b26bc53c84bac2)] -> xpath: //input[@id='keywords']]
2023-07-23 22:07:610 INFO  HomePage :66 - Enter location [[ChromeDriver: chrome on windows (f16154c514dbedeed2b26bc53c84bac2)] -> xpath: //input[@id='location']]
2023-07-23 22:07:670 INFO  HomePage :72 - Select distance [[ChromeDriver: chrome on windows (f16154c514dbedeed2b26bc53c84bac2)] -> xpath: //select[@id='distance']]
2023-07-23 22:07:749 INFO  HomePage :78 - Click on More Search Option distance [[ChromeDriver: chrome on windows (f16154c514dbedeed2b26bc53c84bac2)] -> xpath: //button[@id='toggle-hp-search']]
2023-07-23 22:07:807 INFO  HomePage :83 - Enter Minimum Salary [[ChromeDriver: chrome on windows (f16154c514dbedeed2b26bc53c84bac2)] -> xpath: //input[@id='salarymin']]
2023-07-23 22:07:888 INFO  HomePage :88 - Enter Maximum Salary [[ChromeDriver: chrome on windows (f16154c514dbedeed2b26bc53c84bac2)] -> xpath: //input[@id='salarymax']]
2023-07-23 22:07:954 INFO  HomePage :94 - Select Salary Type [[ChromeDriver: chrome on windows (f16154c514dbedeed2b26bc53c84bac2)] -> xpath: //select[@id='salarytype']]
2023-07-23 22:07:41 INFO  HomePage :99 - Select Job Type [[ChromeDriver: chrome on windows (f16154c514dbedeed2b26bc53c84bac2)] -> xpath: //select[@id='tempperm']]
2023-07-23 22:07:103 INFO  HomePage :105 - Click on find jobs button[[ChromeDriver: chrome on windows (f16154c514dbedeed2b26bc53c84bac2)] -> xpath: //input[@id='hp-search-btn']]
2023-07-23 22:07:173 INFO  HomePage :61 - Enter job Title [[ChromeDriver: chrome on windows (6c431e5950dcd6002bbf6b77a0938ef0)] -> xpath: //input[@id='keywords']]
2023-07-23 22:07:254 INFO  HomePage :66 - Enter location [[ChromeDriver: chrome on windows (6c431e5950dcd6002bbf6b77a0938ef0)] -> xpath: //input[@id='location']]
2023-07-23 22:07:307 INFO  HomePage :72 - Select distance [[ChromeDriver: chrome on windows (6c431e5950dcd6002bbf6b77a0938ef0)] -> xpath: //select[@id='distance']]
2023-07-23 22:07:395 INFO  HomePage :78 - Click on More Search Option distance [[ChromeDriver: chrome on windows (6c431e5950dcd6002bbf6b77a0938ef0)] -> xpath: //button[@id='toggle-hp-search']]
2023-07-23 22:07:467 INFO  HomePage :83 - Enter Minimum Salary [[ChromeDriver: chrome on windows (6c431e5950dcd6002bbf6b77a0938ef0)] -> xpath: //input[@id='salarymin']]
2023-07-23 22:07:546 INFO  HomePage :88 - Enter Maximum Salary [[ChromeDriver: chrome on windows (6c431e5950dcd6002bbf6b77a0938ef0)] -> xpath: //input[@id='salarymax']]
2023-07-23 22:07:614 INFO  HomePage :94 - Select Salary Type [[ChromeDriver: chrome on windows (6c431e5950dcd6002bbf6b77a0938ef0)] -> xpath: //select[@id='salarytype']]
2023-07-23 22:07:697 INFO  HomePage :99 - Select Job Type [[ChromeDriver: chrome on windows (6c431e5950dcd6002bbf6b77a0938ef0)] -> xpath: //select[@id='tempperm']]
2023-07-23 22:07:750 INFO  HomePage :105 - Click on find jobs button[[ChromeDriver: chrome on windows (6c431e5950dcd6002bbf6b77a0938ef0)] -> xpath: //input[@id='hp-search-btn']]
2023-07-23 22:07:282 INFO  HomePage :61 - Enter job Title [[ChromeDriver: chrome on windows (0c618430b909a289d947100e1a8835f6)] -> xpath: //input[@id='keywords']]
2023-07-23 22:07:346 INFO  HomePage :66 - Enter location [[ChromeDriver: chrome on windows (0c618430b909a289d947100e1a8835f6)] -> xpath: //input[@id='location']]
2023-07-23 22:07:415 INFO  HomePage :72 - Select distance [[ChromeDriver: chrome on windows (0c618430b909a289d947100e1a8835f6)] -> xpath: //select[@id='distance']]
2023-07-23 22:07:500 INFO  HomePage :78 - Click on More Search Option distance [[ChromeDriver: chrome on windows (0c618430b909a289d947100e1a8835f6)] -> xpath: //button[@id='toggle-hp-search']]
2023-07-23 22:07:570 INFO  HomePage :83 - Enter Minimum Salary [[ChromeDriver: chrome on windows (0c618430b909a289d947100e1a8835f6)] -> xpath: //input[@id='salarymin']]
2023-07-23 22:07:641 INFO  HomePage :88 - Enter Maximum Salary [[ChromeDriver: chrome on windows (0c618430b909a289d947100e1a8835f6)] -> xpath: //input[@id='salarymax']]
2023-07-23 22:07:706 INFO  HomePage :94 - Select Salary Type [[ChromeDriver: chrome on windows (0c618430b909a289d947100e1a8835f6)] -> xpath: //select[@id='salarytype']]
2023-07-23 22:07:788 INFO  HomePage :99 - Select Job Type [[ChromeDriver: chrome on windows (0c618430b909a289d947100e1a8835f6)] -> xpath: //select[@id='tempperm']]
2023-07-23 22:07:846 INFO  HomePage :105 - Click on find jobs button[[ChromeDriver: chrome on windows (0c618430b909a289d947100e1a8835f6)] -> xpath: //input[@id='hp-search-btn']]
2023-07-23 22:07:481 INFO  HomePage :61 - Enter job Title [[ChromeDriver: chrome on windows (fb1cf730a6d7ab2842b35327fc5492f2)] -> xpath: //input[@id='keywords']]
2023-07-23 22:07:570 INFO  HomePage :66 - Enter location [[ChromeDriver: chrome on windows (fb1cf730a6d7ab2842b35327fc5492f2)] -> xpath: //input[@id='location']]
2023-07-23 22:07:632 INFO  HomePage :72 - Select distance [[ChromeDriver: chrome on windows (fb1cf730a6d7ab2842b35327fc5492f2)] -> xpath: //select[@id='distance']]
2023-07-23 22:07:713 INFO  HomePage :78 - Click on More Search Option distance [[ChromeDriver: chrome on windows (fb1cf730a6d7ab2842b35327fc5492f2)] -> xpath: //button[@id='toggle-hp-search']]
2023-07-23 22:07:781 INFO  HomePage :83 - Enter Minimum Salary [[ChromeDriver: chrome on windows (fb1cf730a6d7ab2842b35327fc5492f2)] -> xpath: //input[@id='salarymin']]
2023-07-23 22:07:849 INFO  HomePage :88 - Enter Maximum Salary [[ChromeDriver: chrome on windows (fb1cf730a6d7ab2842b35327fc5492f2)] -> xpath: //input[@id='salarymax']]
2023-07-23 22:07:913 INFO  HomePage :94 - Select Salary Type [[ChromeDriver: chrome on windows (fb1cf730a6d7ab2842b35327fc5492f2)] -> xpath: //select[@id='salarytype']]
2023-07-23 22:07:995 INFO  HomePage :99 - Select Job Type [[ChromeDriver: chrome on windows (fb1cf730a6d7ab2842b35327fc5492f2)] -> xpath: //select[@id='tempperm']]
2023-07-23 22:07:57 INFO  HomePage :105 - Click on find jobs button[[ChromeDriver: chrome on windows (fb1cf730a6d7ab2842b35327fc5492f2)] -> xpath: //input[@id='hp-search-btn']]
2023-07-23 22:07:311 INFO  HomePage :61 - Enter job Title [[ChromeDriver: chrome on windows (b467788ad1b94d010a6c3e60bb406f5e)] -> xpath: //input[@id='keywords']]
2023-07-23 22:07:376 INFO  HomePage :66 - Enter location [[ChromeDriver: chrome on windows (b467788ad1b94d010a6c3e60bb406f5e)] -> xpath: //input[@id='location']]
2023-07-23 22:07:433 INFO  HomePage :72 - Select distance [[ChromeDriver: chrome on windows (b467788ad1b94d010a6c3e60bb406f5e)] -> xpath: //select[@id='distance']]
2023-07-23 22:07:536 INFO  HomePage :78 - Click on More Search Option distance [[ChromeDriver: chrome on windows (b467788ad1b94d010a6c3e60bb406f5e)] -> xpath: //button[@id='toggle-hp-search']]
2023-07-23 22:07:592 INFO  HomePage :83 - Enter Minimum Salary [[ChromeDriver: chrome on windows (b467788ad1b94d010a6c3e60bb406f5e)] -> xpath: //input[@id='salarymin']]
2023-07-23 22:07:684 INFO  HomePage :88 - Enter Maximum Salary [[ChromeDriver: chrome on windows (b467788ad1b94d010a6c3e60bb406f5e)] -> xpath: //input[@id='salarymax']]
2023-07-23 22:07:774 INFO  HomePage :94 - Select Salary Type [[ChromeDriver: chrome on windows (b467788ad1b94d010a6c3e60bb406f5e)] -> xpath: //select[@id='salarytype']]
2023-07-23 22:07:842 INFO  HomePage :99 - Select Job Type [[ChromeDriver: chrome on windows (b467788ad1b94d010a6c3e60bb406f5e)] -> xpath: //select[@id='tempperm']]
2023-07-23 22:07:901 INFO  HomePage :105 - Click on find jobs button[[ChromeDriver: chrome on windows (b467788ad1b94d010a6c3e60bb406f5e)] -> xpath: //input[@id='hp-search-btn']]
2023-07-23 22:07:700 INFO  HomePage :61 - Enter job Title [[ChromeDriver: chrome on windows (09ecfa42bca997c2fffd5802471f6524)] -> xpath: //input[@id='keywords']]
2023-07-23 22:07:787 INFO  HomePage :66 - Enter location [[ChromeDriver: chrome on windows (09ecfa42bca997c2fffd5802471f6524)] -> xpath: //input[@id='location']]
2023-07-23 22:07:885 INFO  HomePage :72 - Select distance [[ChromeDriver: chrome on windows (09ecfa42bca997c2fffd5802471f6524)] -> xpath: //select[@id='distance']]
2023-07-23 22:07:932 INFO  HomePage :78 - Click on More Search Option distance [[ChromeDriver: chrome on windows (09ecfa42bca997c2fffd5802471f6524)] -> xpath: //button[@id='toggle-hp-search']]
2023-07-23 22:07:986 INFO  HomePage :83 - Enter Minimum Salary [[ChromeDriver: chrome on windows (09ecfa42bca997c2fffd5802471f6524)] -> xpath: //input[@id='salarymin']]
2023-07-23 22:07:45 INFO  HomePage :88 - Enter Maximum Salary [[ChromeDriver: chrome on windows (09ecfa42bca997c2fffd5802471f6524)] -> xpath: //input[@id='salarymax']]
2023-07-23 22:07:128 INFO  HomePage :94 - Select Salary Type [[ChromeDriver: chrome on windows (09ecfa42bca997c2fffd5802471f6524)] -> xpath: //select[@id='salarytype']]
2023-07-23 22:07:221 INFO  HomePage :99 - Select Job Type [[ChromeDriver: chrome on windows (09ecfa42bca997c2fffd5802471f6524)] -> xpath: //select[@id='tempperm']]
2023-07-23 22:07:280 INFO  HomePage :105 - Click on find jobs button[[ChromeDriver: chrome on windows (09ecfa42bca997c2fffd5802471f6524)] -> xpath: //input[@id='hp-search-btn']]
2023-07-23 22:07:229 INFO  HomePage :61 - Enter job Title [[ChromeDriver: chrome on windows (f672404b1cc00dd5f43e7fd869d435d1)] -> xpath: //input[@id='keywords']]
2023-07-23 22:07:380 INFO  HomePage :66 - Enter location [[ChromeDriver: chrome on windows (f672404b1cc00dd5f43e7fd869d435d1)] -> xpath: //input[@id='location']]
2023-07-23 22:07:459 INFO  HomePage :72 - Select distance [[ChromeDriver: chrome on windows (f672404b1cc00dd5f43e7fd869d435d1)] -> xpath: //select[@id='distance']]
2023-07-23 22:07:579 INFO  HomePage :78 - Click on More Search Option distance [[ChromeDriver: chrome on windows (f672404b1cc00dd5f43e7fd869d435d1)] -> xpath: //button[@id='toggle-hp-search']]
2023-07-23 22:07:658 INFO  HomePage :83 - Enter Minimum Salary [[ChromeDriver: chrome on windows (f672404b1cc00dd5f43e7fd869d435d1)] -> xpath: //input[@id='salarymin']]
2023-07-23 22:07:811 INFO  HomePage :88 - Enter Maximum Salary [[ChromeDriver: chrome on windows (f672404b1cc00dd5f43e7fd869d435d1)] -> xpath: //input[@id='salarymax']]
2023-07-23 22:07:896 INFO  HomePage :94 - Select Salary Type [[ChromeDriver: chrome on windows (f672404b1cc00dd5f43e7fd869d435d1)] -> xpath: //select[@id='salarytype']]
2023-07-23 22:07:990 INFO  HomePage :99 - Select Job Type [[ChromeDriver: chrome on windows (f672404b1cc00dd5f43e7fd869d435d1)] -> xpath: //select[@id='tempperm']]
2023-07-23 22:07:67 INFO  HomePage :105 - Click on find jobs button[[ChromeDriver: chrome on windows (f672404b1cc00dd5f43e7fd869d435d1)] -> xpath: //input[@id='hp-search-btn']]
2023-07-23 22:07:668 INFO  HomePage :61 - Enter job Title [[ChromeDriver: chrome on windows (995ca7680792a1f15249756e3dd01628)] -> xpath: //input[@id='keywords']]
2023-07-23 22:07:802 INFO  HomePage :66 - Enter location [[ChromeDriver: chrome on windows (995ca7680792a1f15249756e3dd01628)] -> xpath: //input[@id='location']]
2023-07-23 22:07:880 INFO  HomePage :72 - Select distance [[ChromeDriver: chrome on windows (995ca7680792a1f15249756e3dd01628)] -> xpath: //select[@id='distance']]
2023-07-23 22:07:47 INFO  HomePage :78 - Click on More Search Option distance [[ChromeDriver: chrome on windows (995ca7680792a1f15249756e3dd01628)] -> xpath: //button[@id='toggle-hp-search']]
2023-07-23 22:07:125 INFO  HomePage :83 - Enter Minimum Salary [[ChromeDriver: chrome on windows (995ca7680792a1f15249756e3dd01628)] -> xpath: //input[@id='salarymin']]
2023-07-23 22:07:252 INFO  HomePage :88 - Enter Maximum Salary [[ChromeDriver: chrome on windows (995ca7680792a1f15249756e3dd01628)] -> xpath: //input[@id='salarymax']]
2023-07-23 22:07:347 INFO  HomePage :94 - Select Salary Type [[ChromeDriver: chrome on windows (995ca7680792a1f15249756e3dd01628)] -> xpath: //select[@id='salarytype']]
2023-07-23 22:07:435 INFO  HomePage :99 - Select Job Type [[ChromeDriver: chrome on windows (995ca7680792a1f15249756e3dd01628)] -> xpath: //select[@id='tempperm']]
2023-07-23 22:07:528 INFO  HomePage :105 - Click on find jobs button[[ChromeDriver: chrome on windows (995ca7680792a1f15249756e3dd01628)] -> xpath: //input[@id='hp-search-btn']]
2023-07-23 22:07:696 INFO  HomePage :61 - Enter job Title [[ChromeDriver: chrome on windows (1fa0abf0281649ec9011b6584c3738e3)] -> xpath: //input[@id='keywords']]
2023-07-23 22:07:895 INFO  HomePage :66 - Enter location [[ChromeDriver: chrome on windows (1fa0abf0281649ec9011b6584c3738e3)] -> xpath: //input[@id='location']]
2023-07-23 22:07:225 INFO  HomePage :72 - Select distance [[ChromeDriver: chrome on windows (1fa0abf0281649ec9011b6584c3738e3)] -> xpath: //select[@id='distance']]
2023-07-23 22:07:319 INFO  HomePage :78 - Click on More Search Option distance [[ChromeDriver: chrome on windows (1fa0abf0281649ec9011b6584c3738e3)] -> xpath: //button[@id='toggle-hp-search']]
2023-07-23 22:07:437 INFO  HomePage :83 - Enter Minimum Salary [[ChromeDriver: chrome on windows (1fa0abf0281649ec9011b6584c3738e3)] -> xpath: //input[@id='salarymin']]
2023-07-23 22:07:583 INFO  HomePage :88 - Enter Maximum Salary [[ChromeDriver: chrome on windows (1fa0abf0281649ec9011b6584c3738e3)] -> xpath: //input[@id='salarymax']]
2023-07-23 22:07:659 INFO  HomePage :94 - Select Salary Type [[ChromeDriver: chrome on windows (1fa0abf0281649ec9011b6584c3738e3)] -> xpath: //select[@id='salarytype']]
2023-07-23 22:07:806 INFO  HomePage :99 - Select Job Type [[ChromeDriver: chrome on windows (1fa0abf0281649ec9011b6584c3738e3)] -> xpath: //select[@id='tempperm']]
2023-07-23 22:07:935 INFO  HomePage :105 - Click on find jobs button[[ChromeDriver: chrome on windows (1fa0abf0281649ec9011b6584c3738e3)] -> xpath: //input[@id='hp-search-btn']]
2023-07-23 22:07:272 INFO  HomePage :61 - Enter job Title [[ChromeDriver: chrome on windows (1a8f9a55287f4eacae415425137572eb)] -> xpath: //input[@id='keywords']]
2023-07-23 22:07:425 INFO  HomePage :66 - Enter location [[ChromeDriver: chrome on windows (1a8f9a55287f4eacae415425137572eb)] -> xpath: //input[@id='location']]
2023-07-23 22:07:522 INFO  HomePage :72 - Select distance [[ChromeDriver: chrome on windows (1a8f9a55287f4eacae415425137572eb)] -> xpath: //select[@id='distance']]
2023-07-23 22:07:708 INFO  HomePage :78 - Click on More Search Option distance [[ChromeDriver: chrome on windows (1a8f9a55287f4eacae415425137572eb)] -> xpath: //button[@id='toggle-hp-search']]
2023-07-23 22:07:808 INFO  HomePage :83 - Enter Minimum Salary [[ChromeDriver: chrome on windows (1a8f9a55287f4eacae415425137572eb)] -> xpath: //input[@id='salarymin']]
2023-07-23 22:07:927 INFO  HomePage :88 - Enter Maximum Salary [[ChromeDriver: chrome on windows (1a8f9a55287f4eacae415425137572eb)] -> xpath: //input[@id='salarymax']]
2023-07-23 22:07:19 INFO  HomePage :94 - Select Salary Type [[ChromeDriver: chrome on windows (1a8f9a55287f4eacae415425137572eb)] -> xpath: //select[@id='salarytype']]
2023-07-23 22:07:126 INFO  HomePage :99 - Select Job Type [[ChromeDriver: chrome on windows (1a8f9a55287f4eacae415425137572eb)] -> xpath: //select[@id='tempperm']]
2023-07-23 22:07:228 INFO  HomePage :105 - Click on find jobs button[[ChromeDriver: chrome on windows (1a8f9a55287f4eacae415425137572eb)] -> xpath: //input[@id='hp-search-btn']]
2023-07-23 22:07:593 INFO  HomePage :61 - Enter job Title [[ChromeDriver: chrome on windows (adf2caffbfe828d74cae8dbe296cbf52)] -> xpath: //input[@id='keywords']]
2023-07-23 22:07:756 INFO  HomePage :66 - Enter location [[ChromeDriver: chrome on windows (adf2caffbfe828d74cae8dbe296cbf52)] -> xpath: //input[@id='location']]
2023-07-23 22:07:847 INFO  HomePage :72 - Select distance [[ChromeDriver: chrome on windows (adf2caffbfe828d74cae8dbe296cbf52)] -> xpath: //select[@id='distance']]
2023-07-23 22:07:956 INFO  HomePage :78 - Click on More Search Option distance [[ChromeDriver: chrome on windows (adf2caffbfe828d74cae8dbe296cbf52)] -> xpath: //button[@id='toggle-hp-search']]
2023-07-23 22:07:46 INFO  HomePage :83 - Enter Minimum Salary [[ChromeDriver: chrome on windows (adf2caffbfe828d74cae8dbe296cbf52)] -> xpath: //input[@id='salarymin']]
2023-07-23 22:07:181 INFO  HomePage :88 - Enter Maximum Salary [[ChromeDriver: chrome on windows (adf2caffbfe828d74cae8dbe296cbf52)] -> xpath: //input[@id='salarymax']]
2023-07-23 22:07:255 INFO  HomePage :94 - Select Salary Type [[ChromeDriver: chrome on windows (adf2caffbfe828d74cae8dbe296cbf52)] -> xpath: //select[@id='salarytype']]
2023-07-23 22:07:345 INFO  HomePage :99 - Select Job Type [[ChromeDriver: chrome on windows (adf2caffbfe828d74cae8dbe296cbf52)] -> xpath: //select[@id='tempperm']]
2023-07-23 22:07:410 INFO  HomePage :105 - Click on find jobs button[[ChromeDriver: chrome on windows (adf2caffbfe828d74cae8dbe296cbf52)] -> xpath: //input[@id='hp-search-btn']]
2023-07-23 22:07:52 INFO  HomePage :61 - Enter job Title [[ChromeDriver: chrome on windows (c788ba0ac855302af2badb97cb6e385c)] -> xpath: //input[@id='keywords']]
2023-07-23 22:07:157 INFO  HomePage :66 - Enter location [[ChromeDriver: chrome on windows (c788ba0ac855302af2badb97cb6e385c)] -> xpath: //input[@id='location']]
2023-07-23 22:07:306 INFO  HomePage :72 - Select distance [[ChromeDriver: chrome on windows (c788ba0ac855302af2badb97cb6e385c)] -> xpath: //select[@id='distance']]
2023-07-23 22:07:433 INFO  HomePage :78 - Click on More Search Option distance [[ChromeDriver: chrome on windows (c788ba0ac855302af2badb97cb6e385c)] -> xpath: //button[@id='toggle-hp-search']]
2023-07-23 22:07:523 INFO  HomePage :83 - Enter Minimum Salary [[ChromeDriver: chrome on windows (c788ba0ac855302af2badb97cb6e385c)] -> xpath: //input[@id='salarymin']]
2023-07-23 22:07:669 INFO  HomePage :88 - Enter Maximum Salary [[ChromeDriver: chrome on windows (c788ba0ac855302af2badb97cb6e385c)] -> xpath: //input[@id='salarymax']]
2023-07-23 22:07:753 INFO  HomePage :94 - Select Salary Type [[ChromeDriver: chrome on windows (c788ba0ac855302af2badb97cb6e385c)] -> xpath: //select[@id='salarytype']]
2023-07-23 22:07:875 INFO  HomePage :99 - Select Job Type [[ChromeDriver: chrome on windows (c788ba0ac855302af2badb97cb6e385c)] -> xpath: //select[@id='tempperm']]
2023-07-23 22:07:08 INFO  HomePage :105 - Click on find jobs button[[ChromeDriver: chrome on windows (c788ba0ac855302af2badb97cb6e385c)] -> xpath: //input[@id='hp-search-btn']]
2023-07-23 22:07:842 INFO  HomePage :61 - Enter job Title [[ChromeDriver: chrome on windows (0ca7e4f387c8b8cf1dbdd385e97694c4)] -> xpath: //input[@id='keywords']]
2023-07-23 22:07:947 INFO  HomePage :66 - Enter location [[ChromeDriver: chrome on windows (0ca7e4f387c8b8cf1dbdd385e97694c4)] -> xpath: //input[@id='location']]
2023-07-23 22:07:56 INFO  HomePage :72 - Select distance [[ChromeDriver: chrome on windows (0ca7e4f387c8b8cf1dbdd385e97694c4)] -> xpath: //select[@id='distance']]
2023-07-23 22:07:223 INFO  HomePage :78 - Click on More Search Option distance [[ChromeDriver: chrome on windows (0ca7e4f387c8b8cf1dbdd385e97694c4)] -> xpath: //button[@id='toggle-hp-search']]
2023-07-23 22:07:295 INFO  HomePage :83 - Enter Minimum Salary [[ChromeDriver: chrome on windows (0ca7e4f387c8b8cf1dbdd385e97694c4)] -> xpath: //input[@id='salarymin']]
2023-07-23 22:07:421 INFO  HomePage :88 - Enter Maximum Salary [[ChromeDriver: chrome on windows (0ca7e4f387c8b8cf1dbdd385e97694c4)] -> xpath: //input[@id='salarymax']]
2023-07-23 22:07:512 INFO  HomePage :94 - Select Salary Type [[ChromeDriver: chrome on windows (0ca7e4f387c8b8cf1dbdd385e97694c4)] -> xpath: //select[@id='salarytype']]
2023-07-23 22:07:612 INFO  HomePage :99 - Select Job Type [[ChromeDriver: chrome on windows (0ca7e4f387c8b8cf1dbdd385e97694c4)] -> xpath: //select[@id='tempperm']]
2023-07-23 22:07:707 INFO  HomePage :105 - Click on find jobs button[[ChromeDriver: chrome on windows (0ca7e4f387c8b8cf1dbdd385e97694c4)] -> xpath: //input[@id='hp-search-btn']]
2023-07-23 22:07:494 INFO  HomePage :61 - Enter job Title [[ChromeDriver: chrome on windows (f8d5f88488a1fcf87234e3af4e72f8c6)] -> xpath: //input[@id='keywords']]
2023-07-23 22:07:595 INFO  HomePage :66 - Enter location [[ChromeDriver: chrome on windows (f8d5f88488a1fcf87234e3af4e72f8c6)] -> xpath: //input[@id='location']]
2023-07-23 22:07:707 INFO  HomePage :72 - Select distance [[ChromeDriver: chrome on windows (f8d5f88488a1fcf87234e3af4e72f8c6)] -> xpath: //select[@id='distance']]
2023-07-23 22:07:859 INFO  HomePage :78 - Click on More Search Option distance [[ChromeDriver: chrome on windows (f8d5f88488a1fcf87234e3af4e72f8c6)] -> xpath: //button[@id='toggle-hp-search']]
2023-07-23 22:07:941 INFO  HomePage :83 - Enter Minimum Salary [[ChromeDriver: chrome on windows (f8d5f88488a1fcf87234e3af4e72f8c6)] -> xpath: //input[@id='salarymin']]
2023-07-23 22:07:69 INFO  HomePage :88 - Enter Maximum Salary [[ChromeDriver: chrome on windows (f8d5f88488a1fcf87234e3af4e72f8c6)] -> xpath: //input[@id='salarymax']]
2023-07-23 22:07:169 INFO  HomePage :94 - Select Salary Type [[ChromeDriver: chrome on windows (f8d5f88488a1fcf87234e3af4e72f8c6)] -> xpath: //select[@id='salarytype']]
2023-07-23 22:07:269 INFO  HomePage :99 - Select Job Type [[ChromeDriver: chrome on windows (f8d5f88488a1fcf87234e3af4e72f8c6)] -> xpath: //select[@id='tempperm']]
2023-07-23 22:07:350 INFO  HomePage :105 - Click on find jobs button[[ChromeDriver: chrome on windows (f8d5f88488a1fcf87234e3af4e72f8c6)] -> xpath: //input[@id='hp-search-btn']]
2023-07-23 22:07:25 INFO  HomePage :61 - Enter job Title [[ChromeDriver: chrome on windows (5f465d4ca7e12d0b2245bfe3f94a411b)] -> xpath: //input[@id='keywords']]
2023-07-23 22:07:175 INFO  HomePage :66 - Enter location [[ChromeDriver: chrome on windows (5f465d4ca7e12d0b2245bfe3f94a411b)] -> xpath: //input[@id='location']]
2023-07-23 22:07:263 INFO  HomePage :72 - Select distance [[ChromeDriver: chrome on windows (5f465d4ca7e12d0b2245bfe3f94a411b)] -> xpath: //select[@id='distance']]
2023-07-23 22:07:465 INFO  HomePage :78 - Click on More Search Option distance [[ChromeDriver: chrome on windows (5f465d4ca7e12d0b2245bfe3f94a411b)] -> xpath: //button[@id='toggle-hp-search']]
2023-07-23 22:07:562 INFO  HomePage :83 - Enter Minimum Salary [[ChromeDriver: chrome on windows (5f465d4ca7e12d0b2245bfe3f94a411b)] -> xpath: //input[@id='salarymin']]
2023-07-23 22:07:685 INFO  HomePage :88 - Enter Maximum Salary [[ChromeDriver: chrome on windows (5f465d4ca7e12d0b2245bfe3f94a411b)] -> xpath: //input[@id='salarymax']]
2023-07-23 22:07:808 INFO  HomePage :94 - Select Salary Type [[ChromeDriver: chrome on windows (5f465d4ca7e12d0b2245bfe3f94a411b)] -> xpath: //select[@id='salarytype']]
2023-07-23 22:07:977 INFO  HomePage :99 - Select Job Type [[ChromeDriver: chrome on windows (5f465d4ca7e12d0b2245bfe3f94a411b)] -> xpath: //select[@id='tempperm']]
2023-07-23 22:07:137 INFO  HomePage :105 - Click on find jobs button[[ChromeDriver: chrome on windows (5f465d4ca7e12d0b2245bfe3f94a411b)] -> xpath: //input[@id='hp-search-btn']]
2023-07-23 22:07:521 INFO  HomePage :61 - Enter job Title [[ChromeDriver: chrome on windows (da1f13372f1a66cb5b39ebdd4f321c37)] -> xpath: //input[@id='keywords']]
2023-07-23 22:07:665 INFO  HomePage :66 - Enter location [[ChromeDriver: chrome on windows (da1f13372f1a66cb5b39ebdd4f321c37)] -> xpath: //input[@id='location']]
2023-07-23 22:07:745 INFO  HomePage :72 - Select distance [[ChromeDriver: chrome on windows (da1f13372f1a66cb5b39ebdd4f321c37)] -> xpath: //select[@id='distance']]
2023-07-23 22:07:856 INFO  HomePage :78 - Click on More Search Option distance [[ChromeDriver: chrome on windows (da1f13372f1a66cb5b39ebdd4f321c37)] -> xpath: //button[@id='toggle-hp-search']]
2023-07-23 22:07:958 INFO  HomePage :83 - Enter Minimum Salary [[ChromeDriver: chrome on windows (da1f13372f1a66cb5b39ebdd4f321c37)] -> xpath: //input[@id='salarymin']]
2023-07-23 22:07:65 INFO  HomePage :88 - Enter Maximum Salary [[ChromeDriver: chrome on windows (da1f13372f1a66cb5b39ebdd4f321c37)] -> xpath: //input[@id='salarymax']]
2023-07-23 22:07:162 INFO  HomePage :94 - Select Salary Type [[ChromeDriver: chrome on windows (da1f13372f1a66cb5b39ebdd4f321c37)] -> xpath: //select[@id='salarytype']]
2023-07-23 22:07:259 INFO  HomePage :99 - Select Job Type [[ChromeDriver: chrome on windows (da1f13372f1a66cb5b39ebdd4f321c37)] -> xpath: //select[@id='tempperm']]
2023-07-23 22:07:342 INFO  HomePage :105 - Click on find jobs button[[ChromeDriver: chrome on windows (da1f13372f1a66cb5b39ebdd4f321c37)] -> xpath: //input[@id='hp-search-btn']]
2023-07-23 22:07:766 INFO  HomePage :61 - Enter job Title [[ChromeDriver: chrome on windows (83d4b97158bc6fbdf37c093ba3116099)] -> xpath: //input[@id='keywords']]
2023-07-23 22:07:928 INFO  HomePage :66 - Enter location [[ChromeDriver: chrome on windows (83d4b97158bc6fbdf37c093ba3116099)] -> xpath: //input[@id='location']]
2023-07-23 22:07:51 INFO  HomePage :72 - Select distance [[ChromeDriver: chrome on windows (83d4b97158bc6fbdf37c093ba3116099)] -> xpath: //select[@id='distance']]
2023-07-23 22:07:113 INFO  HomePage :78 - Click on More Search Option distance [[ChromeDriver: chrome on windows (83d4b97158bc6fbdf37c093ba3116099)] -> xpath: //button[@id='toggle-hp-search']]
2023-07-23 22:07:194 INFO  HomePage :83 - Enter Minimum Salary [[ChromeDriver: chrome on windows (83d4b97158bc6fbdf37c093ba3116099)] -> xpath: //input[@id='salarymin']]
2023-07-23 22:07:361 INFO  HomePage :88 - Enter Maximum Salary [[ChromeDriver: chrome on windows (83d4b97158bc6fbdf37c093ba3116099)] -> xpath: //input[@id='salarymax']]
2023-07-23 22:07:436 INFO  HomePage :94 - Select Salary Type [[ChromeDriver: chrome on windows (83d4b97158bc6fbdf37c093ba3116099)] -> xpath: //select[@id='salarytype']]
2023-07-23 22:07:534 INFO  HomePage :99 - Select Job Type [[ChromeDriver: chrome on windows (83d4b97158bc6fbdf37c093ba3116099)] -> xpath: //select[@id='tempperm']]
2023-07-23 22:07:604 INFO  HomePage :105 - Click on find jobs button[[ChromeDriver: chrome on windows (83d4b97158bc6fbdf37c093ba3116099)] -> xpath: //input[@id='hp-search-btn']]
2023-07-23 22:07:634 INFO  HomePage :61 - Enter job Title [[ChromeDriver: chrome on windows (54210670a804dc878c1d049b0052bbb1)] -> xpath: //input[@id='keywords']]
2023-07-23 22:07:825 INFO  HomePage :66 - Enter location [[ChromeDriver: chrome on windows (54210670a804dc878c1d049b0052bbb1)] -> xpath: //input[@id='location']]
2023-07-23 22:07:916 INFO  HomePage :72 - Select distance [[ChromeDriver: chrome on windows (54210670a804dc878c1d049b0052bbb1)] -> xpath: //select[@id='distance']]
2023-07-23 22:07:28 INFO  HomePage :78 - Click on More Search Option distance [[ChromeDriver: chrome on windows (54210670a804dc878c1d049b0052bbb1)] -> xpath: //button[@id='toggle-hp-search']]
2023-07-23 22:07:117 INFO  HomePage :83 - Enter Minimum Salary [[ChromeDriver: chrome on windows (54210670a804dc878c1d049b0052bbb1)] -> xpath: //input[@id='salarymin']]
2023-07-23 22:07:240 INFO  HomePage :88 - Enter Maximum Salary [[ChromeDriver: chrome on windows (54210670a804dc878c1d049b0052bbb1)] -> xpath: //input[@id='salarymax']]
2023-07-23 22:07:338 INFO  HomePage :94 - Select Salary Type [[ChromeDriver: chrome on windows (54210670a804dc878c1d049b0052bbb1)] -> xpath: //select[@id='salarytype']]
2023-07-23 22:07:444 INFO  HomePage :99 - Select Job Type [[ChromeDriver: chrome on windows (54210670a804dc878c1d049b0052bbb1)] -> xpath: //select[@id='tempperm']]
2023-07-23 22:07:545 INFO  HomePage :105 - Click on find jobs button[[ChromeDriver: chrome on windows (54210670a804dc878c1d049b0052bbb1)] -> xpath: //input[@id='hp-search-btn']]
2023-07-23 22:07:88 INFO  HomePage :61 - Enter job Title [[ChromeDriver: chrome on windows (c3c348b5c7bc599a3f370e2a731bba90)] -> xpath: //input[@id='keywords']]
2023-07-23 22:07:645 INFO  HomePage :61 - Enter job Title [[ChromeDriver: chrome on windows (73b49f534881a9818c729127dd9bd947)] -> xpath: //input[@id='keywords']]
2023-07-23 22:07:800 INFO  HomePage :66 - Enter location [[ChromeDriver: chrome on windows (73b49f534881a9818c729127dd9bd947)] -> xpath: //input[@id='location']]
2023-07-23 22:07:894 INFO  HomePage :72 - Select distance [[ChromeDriver: chrome on windows (73b49f534881a9818c729127dd9bd947)] -> xpath: //select[@id='distance']]
2023-07-23 22:07:15 INFO  HomePage :78 - Click on More Search Option distance [[ChromeDriver: chrome on windows (73b49f534881a9818c729127dd9bd947)] -> xpath: //button[@id='toggle-hp-search']]
2023-07-23 22:07:103 INFO  HomePage :83 - Enter Minimum Salary [[ChromeDriver: chrome on windows (73b49f534881a9818c729127dd9bd947)] -> xpath: //input[@id='salarymin']]
2023-07-23 22:07:223 INFO  HomePage :88 - Enter Maximum Salary [[ChromeDriver: chrome on windows (73b49f534881a9818c729127dd9bd947)] -> xpath: //input[@id='salarymax']]
2023-07-23 22:07:315 INFO  HomePage :94 - Select Salary Type [[ChromeDriver: chrome on windows (73b49f534881a9818c729127dd9bd947)] -> xpath: //select[@id='salarytype']]
2023-07-23 22:07:415 INFO  HomePage :99 - Select Job Type [[ChromeDriver: chrome on windows (73b49f534881a9818c729127dd9bd947)] -> xpath: //select[@id='tempperm']]
2023-07-23 22:07:506 INFO  HomePage :105 - Click on find jobs button[[ChromeDriver: chrome on windows (73b49f534881a9818c729127dd9bd947)] -> xpath: //input[@id='hp-search-btn']]
2023-07-23 22:07:119 INFO  HomePage :61 - Enter job Title [[ChromeDriver: chrome on windows (b1364b20056d862f2f57e912ca174f3a)] -> xpath: //input[@id='keywords']]
2023-07-23 22:07:273 INFO  HomePage :66 - Enter location Proxy element for: DefaultElementLocator 'By.xpath: //input[@id='location']'
2023-07-23 22:07:532 INFO  HomePage :61 - Enter job Title [[ChromeDriver: chrome on windows (fa0cc8e594d313edd836cd6d3a1a07f4)] -> xpath: //input[@id='keywords']]
2023-07-23 22:07:636 INFO  HomePage :66 - Enter location [[ChromeDriver: chrome on windows (fa0cc8e594d313edd836cd6d3a1a07f4)] -> xpath: //input[@id='location']]
2023-07-23 22:07:750 INFO  HomePage :72 - Select distance [[ChromeDriver: chrome on windows (fa0cc8e594d313edd836cd6d3a1a07f4)] -> xpath: //select[@id='distance']]
2023-07-23 22:07:913 INFO  HomePage :78 - Click on More Search Option distance [[ChromeDriver: chrome on windows (fa0cc8e594d313edd836cd6d3a1a07f4)] -> xpath: //button[@id='toggle-hp-search']]
2023-07-23 22:07:40 INFO  HomePage :83 - Enter Minimum Salary [[ChromeDriver: chrome on windows (fa0cc8e594d313edd836cd6d3a1a07f4)] -> xpath: //input[@id='salarymin']]
2023-07-23 22:07:164 INFO  HomePage :88 - Enter Maximum Salary [[ChromeDriver: chrome on windows (fa0cc8e594d313edd836cd6d3a1a07f4)] -> xpath: //input[@id='salarymax']]
2023-07-23 22:07:254 INFO  HomePage :94 - Select Salary Type [[ChromeDriver: chrome on windows (fa0cc8e594d313edd836cd6d3a1a07f4)] -> xpath: //select[@id='salarytype']]
2023-07-23 22:07:353 INFO  HomePage :99 - Select Job Type [[ChromeDriver: chrome on windows (fa0cc8e594d313edd836cd6d3a1a07f4)] -> xpath: //select[@id='tempperm']]
2023-07-23 22:07:450 INFO  HomePage :105 - Click on find jobs button[[ChromeDriver: chrome on windows (fa0cc8e594d313edd836cd6d3a1a07f4)] -> xpath: //input[@id='hp-search-btn']]
2023-07-23 22:07:145 INFO  HomePage :61 - Enter job Title [[ChromeDriver: chrome on windows (497166fbf4a3c72712ea66d8f899c692)] -> xpath: //input[@id='keywords']]
2023-07-23 22:07:252 INFO  HomePage :66 - Enter location [[ChromeDriver: chrome on windows (497166fbf4a3c72712ea66d8f899c692)] -> xpath: //input[@id='location']]
2023-07-23 22:07:329 INFO  HomePage :72 - Select distance [[ChromeDriver: chrome on windows (497166fbf4a3c72712ea66d8f899c692)] -> xpath: //select[@id='distance']]
2023-07-23 22:07:502 INFO  HomePage :78 - Click on More Search Option distance [[ChromeDriver: chrome on windows (497166fbf4a3c72712ea66d8f899c692)] -> xpath: //button[@id='toggle-hp-search']]
2023-07-23 22:07:587 INFO  HomePage :83 - Enter Minimum Salary [[ChromeDriver: chrome on windows (497166fbf4a3c72712ea66d8f899c692)] -> xpath: //input[@id='salarymin']]
2023-07-23 22:07:745 INFO  HomePage :88 - Enter Maximum Salary [[ChromeDriver: chrome on windows (497166fbf4a3c72712ea66d8f899c692)] -> xpath: //input[@id='salarymax']]
2023-07-23 22:07:830 INFO  HomePage :94 - Select Salary Type [[ChromeDriver: chrome on windows (497166fbf4a3c72712ea66d8f899c692)] -> xpath: //select[@id='salarytype']]
2023-07-23 22:07:939 INFO  HomePage :99 - Select Job Type [[ChromeDriver: chrome on windows (497166fbf4a3c72712ea66d8f899c692)] -> xpath: //select[@id='tempperm']]
2023-07-23 22:07:50 INFO  HomePage :105 - Click on find jobs button[[ChromeDriver: chrome on windows (497166fbf4a3c72712ea66d8f899c692)] -> xpath: //input[@id='hp-search-btn']]
2023-07-23 22:07:103 INFO  HomePage :61 - Enter job Title [[ChromeDriver: chrome on windows (726d2c8d33c17f69bd8b336fb81735bd)] -> xpath: //input[@id='keywords']]
2023-07-23 22:07:248 INFO  HomePage :66 - Enter location [[ChromeDriver: chrome on windows (726d2c8d33c17f69bd8b336fb81735bd)] -> xpath: //input[@id='location']]
2023-07-23 22:07:335 INFO  HomePage :72 - Select distance [[ChromeDriver: chrome on windows (726d2c8d33c17f69bd8b336fb81735bd)] -> xpath: //select[@id='distance']]
2023-07-23 22:07:460 INFO  HomePage :78 - Click on More Search Option distance [[ChromeDriver: chrome on windows (726d2c8d33c17f69bd8b336fb81735bd)] -> xpath: //button[@id='toggle-hp-search']]
2023-07-23 22:07:561 INFO  HomePage :83 - Enter Minimum Salary [[ChromeDriver: chrome on windows (726d2c8d33c17f69bd8b336fb81735bd)] -> xpath: //input[@id='salarymin']]
2023-07-23 22:07:695 INFO  HomePage :88 - Enter Maximum Salary [[ChromeDriver: chrome on windows (726d2c8d33c17f69bd8b336fb81735bd)] -> xpath: //input[@id='salarymax']]
2023-07-23 22:07:796 INFO  HomePage :94 - Select Salary Type [[ChromeDriver: chrome on windows (726d2c8d33c17f69bd8b336fb81735bd)] -> xpath: //select[@id='salarytype']]
2023-07-23 22:07:191 INFO  HomePage :99 - Select Job Type [[ChromeDriver: chrome on windows (726d2c8d33c17f69bd8b336fb81735bd)] -> xpath: //select[@id='tempperm']]
2023-07-23 22:07:236 INFO  HomePage :105 - Click on find jobs button[[ChromeDriver: chrome on windows (726d2c8d33c17f69bd8b336fb81735bd)] -> xpath: //input[@id='hp-search-btn']]
2023-07-23 22:07:648 INFO  HomePage :22 - verify TheResults [[ChromeDriver: chrome on windows (726d2c8d33c17f69bd8b336fb81735bd)] -> xpath: //h1]
2023-07-23 22:07:708 INFO  HomePage :61 - Enter job Title [[ChromeDriver: chrome on windows (9f5232a4e99cf8b3c6ec2b4a08a52109)] -> xpath: //input[@id='keywords']]
2023-07-23 22:07:873 INFO  HomePage :66 - Enter location [[ChromeDriver: chrome on windows (9f5232a4e99cf8b3c6ec2b4a08a52109)] -> xpath: //input[@id='location']]
2023-07-23 22:07:977 INFO  HomePage :72 - Select distance [[ChromeDriver: chrome on windows (9f5232a4e99cf8b3c6ec2b4a08a52109)] -> xpath: //select[@id='distance']]
2023-07-23 22:07:203 INFO  HomePage :78 - Click on More Search Option distance [[ChromeDriver: chrome on windows (9f5232a4e99cf8b3c6ec2b4a08a52109)] -> xpath: //button[@id='toggle-hp-search']]
2023-07-23 22:07:373 INFO  HomePage :83 - Enter Minimum Salary [[ChromeDriver: chrome on windows (9f5232a4e99cf8b3c6ec2b4a08a52109)] -> xpath: //input[@id='salarymin']]
2023-07-23 22:07:523 INFO  HomePage :88 - Enter Maximum Salary [[ChromeDriver: chrome on windows (9f5232a4e99cf8b3c6ec2b4a08a52109)] -> xpath: //input[@id='salarymax']]
2023-07-23 22:07:766 INFO  HomePage :62 - Enter job Title [[ChromeDriver: chrome on windows (c7b14eda800c7cc9730121cc4604a7bd)] -> xpath: //input[@id='keywords']]
2023-07-23 22:07:912 INFO  HomePage :67 - Enter location [[ChromeDriver: chrome on windows (c7b14eda800c7cc9730121cc4604a7bd)] -> xpath: //input[@id='location']]
2023-07-23 22:07:56 INFO  HomePage :73 - Select distance [[ChromeDriver: chrome on windows (c7b14eda800c7cc9730121cc4604a7bd)] -> xpath: //select[@id='distance']]
2023-07-23 22:07:255 INFO  HomePage :79 - Click on More Search Option distance [[ChromeDriver: chrome on windows (c7b14eda800c7cc9730121cc4604a7bd)] -> xpath: //button[@id='toggle-hp-search']]
2023-07-23 22:07:386 INFO  HomePage :84 - Enter Minimum Salary [[ChromeDriver: chrome on windows (c7b14eda800c7cc9730121cc4604a7bd)] -> xpath: //input[@id='salarymin']]
2023-07-23 22:07:516 INFO  HomePage :89 - Enter Maximum Salary [[ChromeDriver: chrome on windows (c7b14eda800c7cc9730121cc4604a7bd)] -> xpath: //input[@id='salarymax']]
2023-07-23 22:07:634 INFO  HomePage :95 - Select Salary Type [[ChromeDriver: chrome on windows (c7b14eda800c7cc9730121cc4604a7bd)] -> xpath: //select[@id='salarytype']]
2023-07-23 22:07:760 INFO  HomePage :100 - Select Job Type [[ChromeDriver: chrome on windows (c7b14eda800c7cc9730121cc4604a7bd)] -> xpath: //select[@id='tempperm']]
2023-07-23 22:07:880 INFO  HomePage :106 - Click on find jobs button[[ChromeDriver: chrome on windows (c7b14eda800c7cc9730121cc4604a7bd)] -> xpath: //input[@id='hp-search-btn']]
2023-07-23 22:07:987 INFO  HomePage :22 - verify TheResults [[ChromeDriver: chrome on windows (c7b14eda800c7cc9730121cc4604a7bd)] -> xpath: //h1]
2023-07-23 22:07:138 INFO  HomePage :62 - Enter job Title [[ChromeDriver: chrome on windows (5182f3881edda1bd0eb32e47edf5c911)] -> xpath: //input[@id='keywords']]
2023-07-23 22:07:290 INFO  HomePage :67 - Enter location [[ChromeDriver: chrome on windows (5182f3881edda1bd0eb32e47edf5c911)] -> xpath: //input[@id='location']]
2023-07-23 22:07:382 INFO  HomePage :73 - Select distance [[ChromeDriver: chrome on windows (5182f3881edda1bd0eb32e47edf5c911)] -> xpath: //select[@id='distance']]
2023-07-23 22:07:537 INFO  HomePage :79 - Click on More Search Option distance [[ChromeDriver: chrome on windows (5182f3881edda1bd0eb32e47edf5c911)] -> xpath: //button[@id='toggle-hp-search']]
2023-07-23 22:07:639 INFO  HomePage :84 - Enter Minimum Salary [[ChromeDriver: chrome on windows (5182f3881edda1bd0eb32e47edf5c911)] -> xpath: //input[@id='salarymin']]
2023-07-23 22:07:763 INFO  HomePage :89 - Enter Maximum Salary [[ChromeDriver: chrome on windows (5182f3881edda1bd0eb32e47edf5c911)] -> xpath: //input[@id='salarymax']]
2023-07-23 22:07:850 INFO  HomePage :95 - Select Salary Type [[ChromeDriver: chrome on windows (5182f3881edda1bd0eb32e47edf5c911)] -> xpath: //select[@id='salarytype']]
2023-07-23 22:07:971 INFO  HomePage :100 - Select Job Type [[ChromeDriver: chrome on windows (5182f3881edda1bd0eb32e47edf5c911)] -> xpath: //select[@id='tempperm']]
2023-07-23 22:07:92 INFO  HomePage :106 - Click on find jobs button[[ChromeDriver: chrome on windows (5182f3881edda1bd0eb32e47edf5c911)] -> xpath: //input[@id='hp-search-btn']]
2023-07-23 22:07:203 INFO  HomePage :22 - verify TheResults [[ChromeDriver: chrome on windows (5182f3881edda1bd0eb32e47edf5c911)] -> xpath: //h1]
2023-07-23 22:07:57 INFO  HomePage :62 - Enter job Title [[ChromeDriver: chrome on windows (be11d771d678941e5d0fd7a21f36a6a1)] -> xpath: //input[@id='keywords']]
2023-07-23 22:07:219 INFO  HomePage :67 - Enter location [[ChromeDriver: chrome on windows (be11d771d678941e5d0fd7a21f36a6a1)] -> xpath: //input[@id='location']]
2023-07-23 22:07:337 INFO  HomePage :73 - Select distance [[ChromeDriver: chrome on windows (be11d771d678941e5d0fd7a21f36a6a1)] -> xpath: //select[@id='distance']]
2023-07-23 22:07:454 INFO  HomePage :79 - Click on More Search Option distance [[ChromeDriver: chrome on windows (be11d771d678941e5d0fd7a21f36a6a1)] -> xpath: //button[@id='toggle-hp-search']]
2023-07-23 22:07:539 INFO  HomePage :84 - Enter Minimum Salary [[ChromeDriver: chrome on windows (be11d771d678941e5d0fd7a21f36a6a1)] -> xpath: //input[@id='salarymin']]
2023-07-23 22:07:680 INFO  HomePage :89 - Enter Maximum Salary [[ChromeDriver: chrome on windows (be11d771d678941e5d0fd7a21f36a6a1)] -> xpath: //input[@id='salarymax']]
2023-07-23 22:07:778 INFO  HomePage :95 - Select Salary Type [[ChromeDriver: chrome on windows (be11d771d678941e5d0fd7a21f36a6a1)] -> xpath: //select[@id='salarytype']]
2023-07-23 22:07:928 INFO  HomePage :100 - Select Job Type [[ChromeDriver: chrome on windows (be11d771d678941e5d0fd7a21f36a6a1)] -> xpath: //select[@id='tempperm']]
2023-07-23 22:07:65 INFO  HomePage :106 - Click on find jobs button[[ChromeDriver: chrome on windows (be11d771d678941e5d0fd7a21f36a6a1)] -> xpath: //input[@id='hp-search-btn']]
2023-07-23 23:07:106 INFO  HomePage :66 - Enter job Title [[ChromeDriver: chrome on windows (e89abec35a65017327947a61f160629d)] -> xpath: //input[@id='keywords']]
2023-07-23 23:07:237 INFO  HomePage :71 - Enter location [[ChromeDriver: chrome on windows (e89abec35a65017327947a61f160629d)] -> xpath: //input[@id='location']]
2023-07-23 23:07:369 INFO  HomePage :77 - Select distance [[ChromeDriver: chrome on windows (e89abec35a65017327947a61f160629d)] -> xpath: //select[@id='distance']]
2023-07-23 23:07:637 INFO  HomePage :66 - Enter job Title [[ChromeDriver: chrome on windows (04f373c7ccd9e73126dd563f98ca0c8a)] -> xpath: //input[@id='keywords']]
2023-07-23 23:07:773 INFO  HomePage :71 - Enter location [[ChromeDriver: chrome on windows (04f373c7ccd9e73126dd563f98ca0c8a)] -> xpath: //input[@id='location']]
2023-07-23 23:07:919 INFO  HomePage :77 - Select distance [[ChromeDriver: chrome on windows (04f373c7ccd9e73126dd563f98ca0c8a)] -> xpath: //select[@id='distance']]
2023-07-23 23:07:95 INFO  HomePage :83 - Click on More Search Option distance [[ChromeDriver: chrome on windows (04f373c7ccd9e73126dd563f98ca0c8a)] -> xpath: //button[@id='toggle-hp-search']]
2023-07-23 23:07:197 INFO  HomePage :88 - Enter Minimum Salary [[ChromeDriver: chrome on windows (04f373c7ccd9e73126dd563f98ca0c8a)] -> xpath: //input[@id='salarymin']]
2023-07-23 23:07:353 INFO  HomePage :93 - Enter Maximum Salary [[ChromeDriver: chrome on windows (04f373c7ccd9e73126dd563f98ca0c8a)] -> xpath: //input[@id='salarymax']]
2023-07-23 23:07:485 INFO  HomePage :99 - Select Salary Type [[ChromeDriver: chrome on windows (04f373c7ccd9e73126dd563f98ca0c8a)] -> xpath: //select[@id='salarytype']]
2023-07-23 23:07:657 INFO  HomePage :104 - Select Job Type [[ChromeDriver: chrome on windows (04f373c7ccd9e73126dd563f98ca0c8a)] -> xpath: //select[@id='tempperm']]
2023-07-23 23:07:814 INFO  HomePage :110 - Click on find jobs button[[ChromeDriver: chrome on windows (04f373c7ccd9e73126dd563f98ca0c8a)] -> xpath: //input[@id='hp-search-btn']]
2023-07-23 23:07:987 INFO  HomePage :22 - verify TheResults [[ChromeDriver: chrome on windows (04f373c7ccd9e73126dd563f98ca0c8a)] -> xpath: //h1]
2023-07-23 23:07:188 INFO  HomePage :66 - Enter job Title [[ChromeDriver: chrome on windows (a1ad8fdfe7ab73600f30f358ebfc9542)] -> xpath: //input[@id='keywords']]
2023-07-23 23:07:309 INFO  HomePage :71 - Enter location [[ChromeDriver: chrome on windows (a1ad8fdfe7ab73600f30f358ebfc9542)] -> xpath: //input[@id='location']]
2023-07-23 23:07:395 INFO  HomePage :77 - Select distance [[ChromeDriver: chrome on windows (a1ad8fdfe7ab73600f30f358ebfc9542)] -> xpath: //select[@id='distance']]
2023-07-23 23:07:496 INFO  HomePage :83 - Click on More Search Option distance [[ChromeDriver: chrome on windows (a1ad8fdfe7ab73600f30f358ebfc9542)] -> xpath: //button[@id='toggle-hp-search']]
2023-07-23 23:07:564 INFO  HomePage :88 - Enter Minimum Salary [[ChromeDriver: chrome on windows (a1ad8fdfe7ab73600f30f358ebfc9542)] -> xpath: //input[@id='salarymin']]
2023-07-23 23:07:744 INFO  HomePage :93 - Enter Maximum Salary [[ChromeDriver: chrome on windows (a1ad8fdfe7ab73600f30f358ebfc9542)] -> xpath: //input[@id='salarymax']]
2023-07-23 23:07:825 INFO  HomePage :99 - Select Salary Type [[ChromeDriver: chrome on windows (a1ad8fdfe7ab73600f30f358ebfc9542)] -> xpath: //select[@id='salarytype']]
2023-07-23 23:07:915 INFO  HomePage :104 - Select Job Type [[ChromeDriver: chrome on windows (a1ad8fdfe7ab73600f30f358ebfc9542)] -> xpath: //select[@id='tempperm']]
2023-07-23 23:07:11 INFO  HomePage :110 - Click on find jobs button[[ChromeDriver: chrome on windows (a1ad8fdfe7ab73600f30f358ebfc9542)] -> xpath: //input[@id='hp-search-btn']]
2023-07-23 23:07:132 INFO  HomePage :22 - verify TheResults [[ChromeDriver: chrome on windows (a1ad8fdfe7ab73600f30f358ebfc9542)] -> xpath: //h1]
2023-07-23 23:07:72 INFO  HomePage :66 - Enter job Title [[ChromeDriver: chrome on windows (fe6164e05f59b6b5fad229f857f6699f)] -> xpath: //input[@id='keywords']]
2023-07-23 23:07:245 INFO  HomePage :71 - Enter location [[ChromeDriver: chrome on windows (fe6164e05f59b6b5fad229f857f6699f)] -> xpath: //input[@id='location']]
2023-07-23 23:07:408 INFO  HomePage :77 - Select distance [[ChromeDriver: chrome on windows (fe6164e05f59b6b5fad229f857f6699f)] -> xpath: //select[@id='distance']]
2023-07-23 23:07:528 INFO  HomePage :83 - Click on More Search Option distance [[ChromeDriver: chrome on windows (fe6164e05f59b6b5fad229f857f6699f)] -> xpath: //button[@id='toggle-hp-search']]
2023-07-23 23:07:686 INFO  HomePage :88 - Enter Minimum Salary [[ChromeDriver: chrome on windows (fe6164e05f59b6b5fad229f857f6699f)] -> xpath: //input[@id='salarymin']]
2023-07-23 23:07:817 INFO  HomePage :93 - Enter Maximum Salary [[ChromeDriver: chrome on windows (fe6164e05f59b6b5fad229f857f6699f)] -> xpath: //input[@id='salarymax']]
2023-07-23 23:07:934 INFO  HomePage :99 - Select Salary Type [[ChromeDriver: chrome on windows (fe6164e05f59b6b5fad229f857f6699f)] -> xpath: //select[@id='salarytype']]
2023-07-23 23:07:121 INFO  HomePage :104 - Select Job Type [[ChromeDriver: chrome on windows (fe6164e05f59b6b5fad229f857f6699f)] -> xpath: //select[@id='tempperm']]
2023-07-23 23:07:305 INFO  HomePage :110 - Click on find jobs button[[ChromeDriver: chrome on windows (fe6164e05f59b6b5fad229f857f6699f)] -> xpath: //input[@id='hp-search-btn']]
2023-07-23 23:07:751 INFO  HomePage :22 - verify TheResults [[ChromeDriver: chrome on windows (fe6164e05f59b6b5fad229f857f6699f)] -> xpath: //h1]
2023-07-23 23:07:905 INFO  HomePage :66 - Enter job Title [[ChromeDriver: chrome on windows (0b5b5eaef9a195ea8884e58b92be1ca6)] -> xpath: //input[@id='keywords']]
2023-07-23 23:07:468 INFO  HomePage :71 - Enter location [[ChromeDriver: chrome on windows (0b5b5eaef9a195ea8884e58b92be1ca6)] -> xpath: //input[@id='location']]
2023-07-23 23:07:600 INFO  HomePage :77 - Select distance [[ChromeDriver: chrome on windows (0b5b5eaef9a195ea8884e58b92be1ca6)] -> xpath: //select[@id='distance']]
2023-07-23 23:07:783 INFO  HomePage :83 - Click on More Search Option distance [[ChromeDriver: chrome on windows (0b5b5eaef9a195ea8884e58b92be1ca6)] -> xpath: //button[@id='toggle-hp-search']]
2023-07-23 23:07:935 INFO  HomePage :88 - Enter Minimum Salary [[ChromeDriver: chrome on windows (0b5b5eaef9a195ea8884e58b92be1ca6)] -> xpath: //input[@id='salarymin']]
2023-07-23 23:07:114 INFO  HomePage :93 - Enter Maximum Salary [[ChromeDriver: chrome on windows (0b5b5eaef9a195ea8884e58b92be1ca6)] -> xpath: //input[@id='salarymax']]
2023-07-23 23:07:238 INFO  HomePage :99 - Select Salary Type [[ChromeDriver: chrome on windows (0b5b5eaef9a195ea8884e58b92be1ca6)] -> xpath: //select[@id='salarytype']]
2023-07-23 23:07:392 INFO  HomePage :104 - Select Job Type [[ChromeDriver: chrome on windows (0b5b5eaef9a195ea8884e58b92be1ca6)] -> xpath: //select[@id='tempperm']]
2023-07-23 23:07:536 INFO  HomePage :110 - Click on find jobs button[[ChromeDriver: chrome on windows (0b5b5eaef9a195ea8884e58b92be1ca6)] -> xpath: //input[@id='hp-search-btn']]
2023-07-23 23:07:215 INFO  HomePage :22 - verify TheResults [[ChromeDriver: chrome on windows (0b5b5eaef9a195ea8884e58b92be1ca6)] -> xpath: //h1]
2023-07-23 23:07:770 INFO  HomePage :66 - Enter job Title [[ChromeDriver: chrome on windows (4e4325f21aa5a8e248b138e08e275e3d)] -> xpath: //input[@id='keywords']]
2023-07-23 23:07:15 INFO  HomePage :71 - Enter location [[ChromeDriver: chrome on windows (4e4325f21aa5a8e248b138e08e275e3d)] -> xpath: //input[@id='location']]
2023-07-23 23:07:476 INFO  HomePage :77 - Select distance [[ChromeDriver: chrome on windows (4e4325f21aa5a8e248b138e08e275e3d)] -> xpath: //select[@id='distance']]
2023-07-23 23:07:670 INFO  HomePage :83 - Click on More Search Option distance [[ChromeDriver: chrome on windows (4e4325f21aa5a8e248b138e08e275e3d)] -> xpath: //button[@id='toggle-hp-search']]
2023-07-23 23:07:871 INFO  HomePage :88 - Enter Minimum Salary [[ChromeDriver: chrome on windows (4e4325f21aa5a8e248b138e08e275e3d)] -> xpath: //input[@id='salarymin']]
2023-07-23 23:07:42 INFO  HomePage :93 - Enter Maximum Salary [[ChromeDriver: chrome on windows (4e4325f21aa5a8e248b138e08e275e3d)] -> xpath: //input[@id='salarymax']]
2023-07-23 23:07:247 INFO  HomePage :99 - Select Salary Type [[ChromeDriver: chrome on windows (4e4325f21aa5a8e248b138e08e275e3d)] -> xpath: //select[@id='salarytype']]
2023-07-23 23:07:382 INFO  HomePage :104 - Select Job Type [[ChromeDriver: chrome on windows (4e4325f21aa5a8e248b138e08e275e3d)] -> xpath: //select[@id='tempperm']]
2023-07-23 23:07:500 INFO  HomePage :110 - Click on find jobs button[[ChromeDriver: chrome on windows (4e4325f21aa5a8e248b138e08e275e3d)] -> xpath: //input[@id='hp-search-btn']]
2023-07-23 23:07:130 INFO  HomePage :22 - verify TheResults [[ChromeDriver: chrome on windows (4e4325f21aa5a8e248b138e08e275e3d)] -> xpath: //h1]
2023-07-23 23:07:160 INFO  HomePage :66 - Enter job Title [[ChromeDriver: chrome on windows (0ad7f17d275aa4c9688874098bd4ac5b)] -> xpath: //input[@id='keywords']]
2023-07-23 23:07:304 INFO  HomePage :71 - Enter location [[ChromeDriver: chrome on windows (0ad7f17d275aa4c9688874098bd4ac5b)] -> xpath: //input[@id='location']]
2023-07-23 23:07:430 INFO  HomePage :77 - Select distance [[ChromeDriver: chrome on windows (0ad7f17d275aa4c9688874098bd4ac5b)] -> xpath: //select[@id='distance']]
2023-07-23 23:07:562 INFO  HomePage :83 - Click on More Search Option distance [[ChromeDriver: chrome on windows (0ad7f17d275aa4c9688874098bd4ac5b)] -> xpath: //button[@id='toggle-hp-search']]
2023-07-23 23:07:695 INFO  HomePage :88 - Enter Minimum Salary [[ChromeDriver: chrome on windows (0ad7f17d275aa4c9688874098bd4ac5b)] -> xpath: //input[@id='salarymin']]
2023-07-23 23:07:836 INFO  HomePage :93 - Enter Maximum Salary [[ChromeDriver: chrome on windows (0ad7f17d275aa4c9688874098bd4ac5b)] -> xpath: //input[@id='salarymax']]
2023-07-23 23:07:954 INFO  HomePage :99 - Select Salary Type [[ChromeDriver: chrome on windows (0ad7f17d275aa4c9688874098bd4ac5b)] -> xpath: //select[@id='salarytype']]
2023-07-23 23:07:81 INFO  HomePage :104 - Select Job Type [[ChromeDriver: chrome on windows (0ad7f17d275aa4c9688874098bd4ac5b)] -> xpath: //select[@id='tempperm']]
2023-07-23 23:07:232 INFO  HomePage :110 - Click on find jobs button[[ChromeDriver: chrome on windows (0ad7f17d275aa4c9688874098bd4ac5b)] -> xpath: //input[@id='hp-search-btn']]
2023-07-23 23:07:594 INFO  HomePage :22 - verify TheResults [[ChromeDriver: chrome on windows (0ad7f17d275aa4c9688874098bd4ac5b)] -> xpath: //h1]
